
> backend@1.0.0 start
> node --env-file=../.env src/server.js

[2026-04-27T17:30:49.725Z] Redis connected
IMPORTANT! Eviction policy is optimistic-volatile. It should be "noeviction"
[2026-04-27T17:30:50.129Z] Postgres connected
[2026-04-27T17:30:50.389Z] Migrations complete
[2026-04-27T17:30:50.391Z] Order worker started
[2026-04-27T17:30:50.395Z] Server running on port 3001
IMPORTANT! Eviction policy is optimistic-volatile. It should be "noeviction"
IMPORTANT! Eviction policy is optimistic-volatile. It should be "noeviction"
[0mPOST /api/sale/reset [32m200[0m 20.586 ms - 16[0m
[0mPOST /api/sale/reset [32m200[0m 23.394 ms - 16[0m
[0mGET /api/sale/metrics [32m200[0m 12.870 ms - 85[0m
[0mGET /api/sale/metrics [36m304[0m 11.574 ms - -[0m
[0mGET /api/sale/metrics [36m304[0m 11.823 ms - -[0m
[0mGET /api/sale/metrics [36m304[0m 13.330 ms - -[0m
[0mGET /api/sale/metrics [36m304[0m 14.796 ms - -[0m
[0mGET /api/sale/metrics [36m304[0m 10.534 ms - -[0m
[0mGET /api/sale/metrics [36m304[0m 13.925 ms - -[0m
[0mGET /api/sale/metrics [36m304[0m 11.562 ms - -[0m
[0mGET /api/sale/metrics [36m304[0m 12.278 ms - -[0m
[0mGET /api/sale/metrics [36m304[0m 10.662 ms - -[0m
[0mGET /api/sale/metrics [36m304[0m 10.717 ms - -[0m
[0mGET /api/sale/metrics [36m304[0m 10.283 ms - -[0m
[0mGET /api/sale/metrics [36m304[0m 102.485 ms - -[0m
[0mGET /api/sale/metrics [36m304[0m 10.020 ms - -[0m
[0mGET /api/sale/metrics [36m304[0m 200.830 ms - -[0m
[0mGET /api/sale/metrics [36m304[0m 10.499 ms - -[0m
[0mGET /api/sale/metrics [36m304[0m 294.832 ms - -[0m
[0mGET /api/sale/metrics [36m304[0m 11.742 ms - -[0m
[0mGET /api/sale/metrics [36m304[0m 203.738 ms - -[0m
[0mGET /api/sale/metrics [36m304[0m 10.448 ms - -[0m
[0mPOST /api/sale/buy [32m200[0m 286.972 ms - 118[0m
[0mPOST /api/sale/buy [32m200[0m 242.631 ms - 118[0m
[0mPOST /api/sale/buy [32m200[0m 242.312 ms - 118[0m
[0mPOST /api/sale/buy [32m200[0m 241.731 ms - 118[0m
[0mPOST /api/sale/buy [32m200[0m 241.431 ms - 118[0m
[0mPOST /api/sale/buy [32m200[0m 241.281 ms - 118[0m
[0mPOST /api/sale/buy [32m200[0m 70.881 ms - 118[0m
[0mPOST /api/sale/buy [32m200[0m 71.763 ms - 118[0m
[0mPOST /api/sale/buy [32m200[0m 76.346 ms - 118[0m
[0mPOST /api/sale/buy [32m200[0m 77.266 ms - 118[0m
[0mPOST /api/sale/buy [32m200[0m 76.900 ms - 118[0m
[0mPOST /api/sale/buy [32m200[0m 76.339 ms - 118[0m
[0mPOST /api/sale/buy [32m200[0m 45.622 ms - 118[0m
[0mPOST /api/sale/buy [32m200[0m 45.540 ms - 118[0m
[0mPOST /api/sale/buy [32m200[0m 51.330 ms - 118[0m
[0mPOST /api/sale/buy [32m200[0m 48.287 ms - 118[0m
[0mPOST /api/sale/buy [32m200[0m 47.877 ms - 118[0m
[0mPOST /api/sale/buy [32m200[0m 47.778 ms - 118[0m
[0mPOST /api/sale/buy [32m200[0m 71.393 ms - 118[0m
[0mPOST /api/sale/buy [32m200[0m 72.234 ms - 118[0m
[0mPOST /api/sale/buy [32m200[0m 76.416 ms - 118[0m
[0mPOST /api/sale/buy [32m200[0m 77.741 ms - 118[0m
[0mPOST /api/sale/buy [32m200[0m 77.650 ms - 118[0m
[0mPOST /api/sale/buy [32m200[0m 77.560 ms - 118[0m
[0mPOST /api/sale/buy [32m200[0m 412.831 ms - 118[0m
[0mPOST /api/sale/buy [32m200[0m 413.024 ms - 118[0m
[0mPOST /api/sale/buy [32m200[0m 408.858 ms - 118[0m
[0mPOST /api/sale/buy [32m200[0m 408.580 ms - 118[0m
[0mPOST /api/sale/buy [32m200[0m 414.139 ms - 118[0m
[0mPOST /api/sale/buy [32m200[0m 415.543 ms - 118[0m
[0mPOST /api/sale/buy [32m200[0m 56.875 ms - 118[0m
[0mPOST /api/sale/buy [32m200[0m 56.288 ms - 118[0m
[0mPOST /api/sale/buy [32m200[0m 55.042 ms - 118[0m
[0mPOST /api/sale/buy [32m200[0m 57.864 ms - 118[0m
[0mPOST /api/sale/buy [32m200[0m 54.743 ms - 118[0m
[0mPOST /api/sale/buy [32m200[0m 53.358 ms - 118[0m
[0mPOST /api/sale/buy [32m200[0m 91.722 ms - 118[0m
[0mPOST /api/sale/buy [32m200[0m 91.497 ms - 118[0m
[0mPOST /api/sale/buy [32m200[0m 88.901 ms - 118[0m
[0mPOST /api/sale/buy [32m200[0m 85.631 ms - 118[0m
[0mPOST /api/sale/buy [32m200[0m 92.260 ms - 118[0m
[0mPOST /api/sale/buy [32m200[0m 92.135 ms - 118[0m
[0mPOST /api/sale/buy [32m200[0m 47.350 ms - 118[0m
[0mPOST /api/sale/buy [32m200[0m 51.101 ms - 118[0m
[0mPOST /api/sale/buy [32m200[0m 51.238 ms - 118[0m
[0mPOST /api/sale/buy [32m200[0m 52.713 ms - 118[0m
[0mPOST /api/sale/buy [32m200[0m 48.155 ms - 118[0m
[0mPOST /api/sale/buy [32m200[0m 136.697 ms - 118[0m
[0mPOST /api/sale/buy [32m200[0m 153.394 ms - 118[0m
[0mPOST /api/sale/buy [32m200[0m 149.534 ms - 118[0m
[0mPOST /api/sale/buy [32m200[0m 149.468 ms - 118[0m
[0mPOST /api/sale/buy [32m200[0m 149.109 ms - 118[0m
[0mPOST /api/sale/buy [32m200[0m 147.870 ms - 118[0m
[0mPOST /api/sale/buy [32m200[0m 69.572 ms - 118[0m
[0mPOST /api/sale/buy [32m200[0m 136.999 ms - 118[0m
[0mPOST /api/sale/buy [32m200[0m 132.722 ms - 118[0m
[0mPOST /api/sale/buy [32m200[0m 131.971 ms - 118[0m
[0mPOST /api/sale/buy [32m200[0m 137.123 ms - 118[0m
[0mPOST /api/sale/buy [32m200[0m 137.870 ms - 118[0m
[0mPOST /api/sale/buy [32m200[0m 134.159 ms - 118[0m
[0mPOST /api/sale/buy [32m200[0m 49.125 ms - 118[0m
[0mPOST /api/sale/buy [32m200[0m 48.207 ms - 118[0m
[0mPOST /api/sale/buy [32m200[0m 47.795 ms - 118[0m
[0mPOST /api/sale/buy [32m200[0m 47.464 ms - 118[0m
[0mPOST /api/sale/buy [32m200[0m 47.200 ms - 118[0m
[0mPOST /api/sale/buy [32m200[0m 50.066 ms - 118[0m
[0mPOST /api/sale/buy [32m200[0m 124.447 ms - 118[0m
[0mPOST /api/sale/buy [32m200[0m 127.104 ms - 118[0m
[0mPOST /api/sale/buy [32m200[0m 126.911 ms - 118[0m
[0mPOST /api/sale/buy [32m200[0m 126.697 ms - 118[0m
[0mPOST /api/sale/buy [32m200[0m 125.925 ms - 118[0m
[0mPOST /api/sale/buy [32m200[0m 123.306 ms - 118[0m
[0mPOST /api/sale/buy [32m200[0m 127.544 ms - 118[0m
[0mPOST /api/sale/buy [32m200[0m 131.480 ms - 118[0m
[0mPOST /api/sale/buy [32m200[0m 131.266 ms - 118[0m
[0mPOST /api/sale/buy [32m200[0m 130.910 ms - 118[0m
[0mPOST /api/sale/buy [32m200[0m 130.450 ms - 118[0m
[0mPOST /api/sale/buy [32m200[0m 131.188 ms - 118[0m
[0mPOST /api/sale/buy [32m200[0m 47.971 ms - 118[0m
[0mPOST /api/sale/buy [32m200[0m 53.339 ms - 118[0m
[0mPOST /api/sale/buy [32m200[0m 54.423 ms - 118[0m
[0mPOST /api/sale/buy [32m200[0m 53.852 ms - 118[0m
[0mPOST /api/sale/buy [32m200[0m 53.523 ms - 118[0m
[0mPOST /api/sale/buy [32m200[0m 53.106 ms - 118[0m
[0mPOST /api/sale/buy [32m200[0m 133.842 ms - 118[0m
[0mPOST /api/sale/buy [32m200[0m 133.236 ms - 118[0m
[0mPOST /api/sale/buy [32m200[0m 132.622 ms - 118[0m
[0mPOST /api/sale/buy [32m200[0m 132.760 ms - 118[0m
[0mPOST /api/sale/buy [32m200[0m 135.094 ms - 118[0m
[0mPOST /api/sale/buy [32m200[0m 138.446 ms - 118[0m
[0mPOST /api/sale/buy [32m200[0m 46.385 ms - 117[0m
[0mPOST /api/sale/buy [32m200[0m 50.033 ms - 117[0m
[0mPOST /api/sale/buy [32m200[0m 48.796 ms - 117[0m
[0mPOST /api/sale/buy [32m200[0m 49.203 ms - 117[0m
[0mPOST /api/sale/buy [32m200[0m 49.642 ms - 117[0m
[0mPOST /api/sale/buy [32m200[0m 49.504 ms - 117[0m
[0mPOST /api/sale/buy [32m200[0m 48.042 ms - 117[0m
[0mPOST /api/sale/buy [33m409[0m 26.778 ms - 34[0m
[0mPOST /api/sale/buy [33m409[0m 26.757 ms - 34[0m
[0mPOST /api/sale/buy [32m200[0m 439.739 ms - 117[0m
[0mPOST /api/sale/buy [32m200[0m 439.626 ms - 117[0m
[0mPOST /api/sale/buy [32m200[0m 441.667 ms - 117[0m
[0mPOST /api/sale/buy [33m409[0m 423.305 ms - 34[0m
[0mPOST /api/sale/buy [33m409[0m 418.373 ms - 34[0m
[0mPOST /api/sale/buy [33m409[0m 417.733 ms - 34[0m
[0mPOST /api/sale/buy [33m409[0m 26.985 ms - 34[0m
[0mPOST /api/sale/buy [33m409[0m 27.332 ms - 34[0m
[0mPOST /api/sale/buy [33m409[0m 26.081 ms - 34[0m
[0mPOST /api/sale/buy [33m409[0m 27.852 ms - 34[0m
[0mPOST /api/sale/buy [33m409[0m 28.943 ms - 34[0m
[0mPOST /api/sale/buy [33m409[0m 29.191 ms - 34[0m
[0mPOST /api/sale/buy [33m409[0m 29.164 ms - 34[0m
[0mPOST /api/sale/buy [33m409[0m 28.379 ms - 34[0m
[0mPOST /api/sale/buy [33m409[0m 27.754 ms - 34[0m
[0mPOST /api/sale/buy [33m409[0m 31.982 ms - 34[0m
[0mPOST /api/sale/buy [33m409[0m 31.062 ms - 34[0m
[0mPOST /api/sale/buy [33m409[0m 30.582 ms - 34[0m
[0mPOST /api/sale/buy [33m409[0m 55.526 ms - 34[0m
[0mPOST /api/sale/buy [33m409[0m 54.570 ms - 34[0m
[0mPOST /api/sale/buy [33m409[0m 60.444 ms - 34[0m
[0mPOST /api/sale/buy [33m409[0m 60.080 ms - 34[0m
[0mPOST /api/sale/buy [33m409[0m 57.415 ms - 34[0m
[0mPOST /api/sale/buy [33m409[0m 57.962 ms - 34[0m
[0mPOST /api/sale/buy [33m409[0m 243.455 ms - 34[0m
[0mPOST /api/sale/buy [33m409[0m 242.513 ms - 34[0m
[0mPOST /api/sale/buy [33m409[0m 247.623 ms - 34[0m
[0mPOST /api/sale/buy [33m409[0m 250.694 ms - 34[0m
[0mPOST /api/sale/buy [33m409[0m 243.506 ms - 34[0m
[0mPOST /api/sale/buy [33m409[0m 243.742 ms - 34[0m
[0mPOST /api/sale/buy [33m409[0m 24.298 ms - 34[0m
[0mPOST /api/sale/buy [33m409[0m 27.266 ms - 34[0m
[0mPOST /api/sale/buy [33m409[0m 26.464 ms - 34[0m
[0mPOST /api/sale/buy [33m409[0m 26.735 ms - 34[0m
[0mPOST /api/sale/buy [33m409[0m 26.314 ms - 34[0m
[0mPOST /api/sale/buy [33m409[0m 26.002 ms - 34[0m
[0mPOST /api/sale/buy [33m409[0m 28.160 ms - 34[0m
[0mPOST /api/sale/buy [33m409[0m 26.395 ms - 34[0m
[0mPOST /api/sale/buy [33m409[0m 28.166 ms - 34[0m
[0mPOST /api/sale/buy [33m409[0m 27.831 ms - 34[0m
[0mPOST /api/sale/buy [33m409[0m 27.539 ms - 34[0m
[0mPOST /api/sale/buy [33m409[0m 27.310 ms - 34[0m
[0mPOST /api/sale/buy [33m409[0m 28.116 ms - 34[0m
[0mPOST /api/sale/buy [33m409[0m 27.664 ms - 34[0m
[0mPOST /api/sale/buy [33m409[0m 26.131 ms - 34[0m
[0mPOST /api/sale/buy [33m409[0m 27.984 ms - 34[0m
[0mPOST /api/sale/buy [33m409[0m 27.821 ms - 34[0m
[0mPOST /api/sale/buy [33m409[0m 27.566 ms - 34[0m
[0mPOST /api/sale/buy [33m409[0m 30.606 ms - 34[0m
[0mPOST /api/sale/buy [33m409[0m 30.189 ms - 34[0m
[0mPOST /api/sale/buy [33m409[0m 29.976 ms - 34[0m
[0mPOST /api/sale/buy [33m409[0m 27.551 ms - 34[0m
[0mPOST /api/sale/buy [33m409[0m 27.132 ms - 34[0m
[0mPOST /api/sale/buy [33m409[0m 26.183 ms - 34[0m
[0mPOST /api/sale/buy [33m409[0m 27.695 ms - 34[0m
[0mPOST /api/sale/buy [33m409[0m 27.300 ms - 34[0m
[0mPOST /api/sale/buy [33m409[0m 27.010 ms - 34[0m
[0mPOST /api/sale/buy [33m409[0m 26.096 ms - 34[0m
[0mPOST /api/sale/buy [33m409[0m 27.185 ms - 34[0m
[0mPOST /api/sale/buy [33m409[0m 27.055 ms - 34[0m
[0mPOST /api/sale/buy [33m409[0m 28.545 ms - 34[0m
[0mPOST /api/sale/buy [33m409[0m 28.310 ms - 34[0m
[0mPOST /api/sale/buy [33m409[0m 28.704 ms - 34[0m
[0mPOST /api/sale/buy [33m409[0m 26.733 ms - 34[0m
[0mPOST /api/sale/buy [33m409[0m 25.593 ms - 34[0m
[0mPOST /api/sale/buy [33m409[0m 26.953 ms - 34[0m
[0mPOST /api/sale/buy [33m409[0m 310.766 ms - 34[0m
[0mPOST /api/sale/buy [33m409[0m 310.516 ms - 34[0m
[0mPOST /api/sale/buy [33m409[0m 310.269 ms - 34[0m
[0mPOST /api/sale/buy [33m409[0m 313.528 ms - 34[0m
[0mPOST /api/sale/buy [33m409[0m 312.628 ms - 34[0m
[0mPOST /api/sale/buy [33m409[0m 312.531 ms - 34[0m
[0mPOST /api/sale/buy [33m409[0m 29.350 ms - 34[0m
[0mPOST /api/sale/buy [33m409[0m 29.660 ms - 34[0m
[0mPOST /api/sale/buy [33m409[0m 30.936 ms - 34[0m
[0mPOST /api/sale/buy [33m409[0m 29.658 ms - 34[0m
[0mPOST /api/sale/buy [33m409[0m 27.780 ms - 34[0m
[0mPOST /api/sale/buy [33m409[0m 27.393 ms - 34[0m
[0mPOST /api/sale/buy [33m409[0m 27.710 ms - 34[0m
[0mPOST /api/sale/buy [33m409[0m 27.297 ms - 34[0m
[0mPOST /api/sale/buy [33m409[0m 26.031 ms - 34[0m
[0mPOST /api/sale/buy [33m409[0m 28.133 ms - 34[0m
[0mPOST /api/sale/buy [33m409[0m 27.785 ms - 34[0m
[0mPOST /api/sale/buy [33m409[0m 27.357 ms - 34[0m
[0mPOST /api/sale/buy [33m409[0m 28.209 ms - 34[0m
[0mPOST /api/sale/buy [33m409[0m 27.856 ms - 34[0m
[0mPOST /api/sale/buy [33m409[0m 33.358 ms - 34[0m
[0mPOST /api/sale/buy [33m409[0m 33.183 ms - 34[0m
[0mPOST /api/sale/buy [33m409[0m 32.860 ms - 34[0m
[0mPOST /api/sale/buy [33m409[0m 32.599 ms - 34[0m
[0mPOST /api/sale/buy [33m409[0m 25.025 ms - 34[0m
[0mPOST /api/sale/buy [33m409[0m 32.853 ms - 34[0m
[0mPOST /api/sale/buy [33m409[0m 26.984 ms - 34[0m
[0mPOST /api/sale/buy [33m409[0m 33.879 ms - 34[0m
[0mPOST /api/sale/buy [33m409[0m 33.513 ms - 34[0m
[0mPOST /api/sale/buy [33m409[0m 33.296 ms - 34[0m
[0mPOST /api/sale/buy [33m409[0m 27.350 ms - 34[0m
[0mPOST /api/sale/buy [33m409[0m 26.113 ms - 34[0m
[0mPOST /api/sale/buy [33m409[0m 26.554 ms - 34[0m
[0mPOST /api/sale/buy [33m409[0m 27.233 ms - 34[0m
[0mPOST /api/sale/buy [33m409[0m 28.314 ms - 34[0m
[0mPOST /api/sale/buy [33m409[0m 31.444 ms - 34[0m
[0mPOST /api/sale/buy [33m409[0m 33.438 ms - 34[0m
[0mPOST /api/sale/buy [33m409[0m 29.191 ms - 34[0m
[0mPOST /api/sale/buy [33m409[0m 29.384 ms - 34[0m
[0mPOST /api/sale/buy [33m409[0m 26.195 ms - 34[0m
[0mPOST /api/sale/buy [33m409[0m 28.009 ms - 34[0m
[0mPOST /api/sale/buy [33m409[0m 26.135 ms - 34[0m
[0mPOST /api/sale/buy [33m409[0m 27.814 ms - 34[0m
[0mPOST /api/sale/buy [33m409[0m 29.540 ms - 34[0m
[0mPOST /api/sale/buy [33m409[0m 29.248 ms - 34[0m
[0mPOST /api/sale/buy [33m409[0m 33.509 ms - 34[0m
[0mPOST /api/sale/buy [33m409[0m 31.238 ms - 34[0m
[0mPOST /api/sale/buy [33m409[0m 30.739 ms - 34[0m
[0mPOST /api/sale/buy [33m409[0m 27.974 ms - 34[0m
[0mPOST /api/sale/buy [33m409[0m 26.562 ms - 34[0m
[0mPOST /api/sale/buy [33m409[0m 27.746 ms - 34[0m
[0mPOST /api/sale/buy [33m409[0m 30.418 ms - 34[0m
[0mPOST /api/sale/buy [33m409[0m 30.101 ms - 34[0m
[0mPOST /api/sale/buy [33m409[0m 29.839 ms - 34[0m
[0mPOST /api/sale/buy [33m409[0m 241.762 ms - 34[0m
[0mPOST /api/sale/buy [33m409[0m 242.518 ms - 34[0m
[0mPOST /api/sale/buy [33m409[0m 241.569 ms - 34[0m
[0mPOST /api/sale/buy [33m409[0m 240.233 ms - 34[0m
[0mPOST /api/sale/buy [33m409[0m 239.597 ms - 34[0m
[0mPOST /api/sale/buy [33m409[0m 239.081 ms - 34[0m
[0mPOST /api/sale/buy [33m409[0m 30.573 ms - 34[0m
[0mPOST /api/sale/buy [33m409[0m 26.984 ms - 34[0m
[0mPOST /api/sale/buy [33m409[0m 26.618 ms - 34[0m
[0mPOST /api/sale/buy [33m409[0m 26.715 ms - 34[0m
[0mPOST /api/sale/buy [33m409[0m 26.493 ms - 34[0m
[0mPOST /api/sale/buy [33m409[0m 29.881 ms - 34[0m
[0mPOST /api/sale/buy [33m409[0m 27.414 ms - 34[0m
[0mPOST /api/sale/buy [33m409[0m 25.872 ms - 34[0m
[0mPOST /api/sale/buy [33m409[0m 25.987 ms - 34[0m
[0mPOST /api/sale/buy [33m409[0m 27.737 ms - 34[0m
[0mPOST /api/sale/buy [33m409[0m 27.319 ms - 34[0m
[0mPOST /api/sale/buy [33m409[0m 25.729 ms - 34[0m
[0mPOST /api/sale/buy [33m409[0m 26.352 ms - 34[0m
[0mPOST /api/sale/buy [33m409[0m 28.327 ms - 34[0m
[0mPOST /api/sale/buy [33m409[0m 29.054 ms - 34[0m
[0mPOST /api/sale/buy [33m409[0m 26.773 ms - 34[0m
[0mPOST /api/sale/buy [33m409[0m 27.851 ms - 34[0m
[0mPOST /api/sale/buy [33m409[0m 27.214 ms - 34[0m
[0mPOST /api/sale/buy [33m409[0m 26.895 ms - 34[0m
[0mPOST /api/sale/buy [33m409[0m 28.339 ms - 34[0m
[0mPOST /api/sale/buy [33m409[0m 31.044 ms - 34[0m
[0mPOST /api/sale/buy [33m409[0m 29.236 ms - 34[0m
[0mPOST /api/sale/buy [33m409[0m 29.126 ms - 34[0m
[0mPOST /api/sale/buy [33m409[0m 29.002 ms - 34[0m
[0mPOST /api/sale/buy [33m409[0m 28.968 ms - 34[0m
[0mPOST /api/sale/buy [33m409[0m 28.484 ms - 34[0m
[0mPOST /api/sale/buy [33m409[0m 28.663 ms - 34[0m
[0mPOST /api/sale/buy [33m409[0m 28.926 ms - 34[0m
[0mPOST /api/sale/buy [33m409[0m 26.884 ms - 34[0m
[0mPOST /api/sale/buy [33m409[0m 26.530 ms - 34[0m
[0mPOST /api/sale/buy [33m409[0m 27.208 ms - 34[0m
[0mPOST /api/sale/buy [33m409[0m 27.018 ms - 34[0m
[0mPOST /api/sale/buy [33m409[0m 26.701 ms - 34[0m
[0mPOST /api/sale/buy [33m409[0m 29.305 ms - 34[0m
[0mPOST /api/sale/buy [33m409[0m 252.790 ms - 34[0m
[0mPOST /api/sale/buy [33m409[0m 253.639 ms - 34[0m
[0mPOST /api/sale/buy [33m409[0m 253.914 ms - 34[0m
[0mPOST /api/sale/buy [33m409[0m 255.117 ms - 34[0m
[0mPOST /api/sale/buy [33m409[0m 256.529 ms - 34[0m
[0mPOST /api/sale/buy [33m409[0m 269.641 ms - 34[0m
[0mPOST /api/sale/buy [33m409[0m 48.695 ms - 34[0m
[0mPOST /api/sale/buy [33m409[0m 48.113 ms - 34[0m
[0mPOST /api/sale/buy [33m409[0m 47.697 ms - 34[0m
[0mPOST /api/sale/buy [33m409[0m 47.350 ms - 34[0m
[0mPOST /api/sale/buy [33m409[0m 47.071 ms - 34[0m
[0mPOST /api/sale/buy [33m409[0m 26.148 ms - 34[0m
[0mPOST /api/sale/buy [33m409[0m 25.604 ms - 34[0m
[0mPOST /api/sale/buy [33m409[0m 27.329 ms - 34[0m
[0mPOST /api/sale/buy [33m409[0m 28.125 ms - 34[0m
[0mPOST /api/sale/buy [33m409[0m 27.994 ms - 34[0m
[0mPOST /api/sale/buy [33m409[0m 27.776 ms - 34[0m
[0mPOST /api/sale/buy [33m409[0m 26.064 ms - 34[0m
[0mPOST /api/sale/buy [33m409[0m 49.667 ms - 34[0m
[0mPOST /api/sale/buy [33m409[0m 55.081 ms - 34[0m
[0mPOST /api/sale/buy [33m409[0m 54.964 ms - 34[0m
[0mPOST /api/sale/buy [33m409[0m 54.770 ms - 34[0m
[0mPOST /api/sale/buy [33m409[0m 54.621 ms - 34[0m
[0mPOST /api/sale/buy [33m409[0m 51.166 ms - 34[0m
[0mPOST /api/sale/buy [33m409[0m 24.354 ms - 34[0m
[0mPOST /api/sale/buy [33m409[0m 25.978 ms - 34[0m
[0mPOST /api/sale/buy [33m409[0m 25.594 ms - 34[0m
[0mPOST /api/sale/buy [33m409[0m 26.021 ms - 34[0m
[0mPOST /api/sale/buy [33m409[0m 25.835 ms - 34[0m
[0mPOST /api/sale/buy [33m409[0m 25.646 ms - 34[0m
[0mPOST /api/sale/buy [33m409[0m 28.987 ms - 34[0m
[0mPOST /api/sale/buy [33m409[0m 56.898 ms - 34[0m
[0mPOST /api/sale/buy [33m409[0m 56.789 ms - 34[0m
[0mPOST /api/sale/buy [33m409[0m 56.734 ms - 34[0m
[0mPOST /api/sale/buy [33m409[0m 56.706 ms - 34[0m
[0mPOST /api/sale/buy [33m409[0m 56.495 ms - 34[0m
[0mPOST /api/sale/buy [33m409[0m 54.647 ms - 34[0m
[0mPOST /api/sale/buy [33m409[0m 27.789 ms - 34[0m
[0mPOST /api/sale/buy [33m409[0m 27.570 ms - 34[0m
[0mPOST /api/sale/buy [33m409[0m 26.598 ms - 34[0m
[0mPOST /api/sale/buy [33m409[0m 28.053 ms - 34[0m
[0mPOST /api/sale/buy [33m409[0m 27.900 ms - 34[0m
[0mPOST /api/sale/buy [33m409[0m 29.364 ms - 34[0m
[0mPOST /api/sale/buy [33m409[0m 33.172 ms - 34[0m
[0mPOST /api/sale/buy [33m409[0m 29.291 ms - 34[0m
[0mPOST /api/sale/buy [33m409[0m 28.859 ms - 34[0m
[0mPOST /api/sale/buy [33m409[0m 29.020 ms - 34[0m
[0mPOST /api/sale/buy [33m409[0m 28.928 ms - 34[0m
[0mPOST /api/sale/buy [33m409[0m 31.509 ms - 34[0m
[0mPOST /api/sale/buy [33m409[0m 200.509 ms - 34[0m
[0mPOST /api/sale/buy [33m409[0m 224.878 ms - 34[0m
[0mPOST /api/sale/buy [33m409[0m 225.065 ms - 34[0m
[0mPOST /api/sale/buy [33m409[0m 224.853 ms - 34[0m
[0mPOST /api/sale/buy [33m409[0m 224.608 ms - 34[0m
[0mPOST /api/sale/buy [33m409[0m 224.198 ms - 34[0m
[0mPOST /api/sale/buy [33m409[0m 44.640 ms - 34[0m
[0mPOST /api/sale/buy [33m409[0m 37.894 ms - 34[0m
[0mPOST /api/sale/buy [33m409[0m 37.549 ms - 34[0m
[0mPOST /api/sale/buy [33m409[0m 37.426 ms - 34[0m
[0mPOST /api/sale/buy [33m409[0m 37.324 ms - 34[0m
[0mPOST /api/sale/buy [33m409[0m 37.246 ms - 34[0m
[0mPOST /api/sale/buy [33m409[0m 26.602 ms - 34[0m
[0mPOST /api/sale/buy [33m409[0m 27.301 ms - 34[0m
[0mPOST /api/sale/buy [33m409[0m 28.833 ms - 34[0m
[0mPOST /api/sale/buy [33m409[0m 28.493 ms - 34[0m
[0mPOST /api/sale/buy [33m409[0m 27.941 ms - 34[0m
[0mPOST /api/sale/buy [33m409[0m 27.443 ms - 34[0m
[0mPOST /api/sale/buy [33m409[0m 52.096 ms - 34[0m
[0mPOST /api/sale/buy [33m409[0m 55.625 ms - 34[0m
[0mPOST /api/sale/buy [33m409[0m 55.315 ms - 34[0m
[0mPOST /api/sale/buy [33m409[0m 55.217 ms - 34[0m
[0mPOST /api/sale/buy [33m409[0m 55.166 ms - 34[0m
[0mPOST /api/sale/buy [33m409[0m 55.131 ms - 34[0m
[0mPOST /api/sale/buy [33m409[0m 26.653 ms - 34[0m
[0mPOST /api/sale/buy [33m409[0m 26.104 ms - 34[0m
[0mPOST /api/sale/buy [33m409[0m 28.309 ms - 34[0m
[0mPOST /api/sale/buy [33m409[0m 28.343 ms - 34[0m
[0mPOST /api/sale/buy [33m409[0m 28.139 ms - 34[0m
[0mPOST /api/sale/buy [33m409[0m 27.939 ms - 34[0m
[0mPOST /api/sale/buy [33m409[0m 26.696 ms - 34[0m
[0mPOST /api/sale/buy [33m409[0m 29.175 ms - 34[0m
[0mPOST /api/sale/buy [33m409[0m 51.234 ms - 34[0m
[0mPOST /api/sale/buy [33m409[0m 51.381 ms - 34[0m
[0mPOST /api/sale/buy [33m409[0m 275.964 ms - 34[0m
[0mPOST /api/sale/buy [33m409[0m 276.167 ms - 34[0m
[0mPOST /api/sale/buy [33m409[0m 271.897 ms - 34[0m
[0mPOST /api/sale/buy [33m409[0m 273.869 ms - 34[0m
[0mPOST /api/sale/buy [33m409[0m 244.313 ms - 34[0m
[0mPOST /api/sale/buy [33m409[0m 244.116 ms - 34[0m
[0mPOST /api/sale/buy [33m409[0m 25.589 ms - 34[0m
[0mPOST /api/sale/buy [33m409[0m 25.492 ms - 34[0m
[0mPOST /api/sale/buy [33m409[0m 25.981 ms - 34[0m
[0mPOST /api/sale/buy [33m409[0m 27.094 ms - 34[0m
[0mPOST /api/sale/buy [33m409[0m 25.791 ms - 34[0m
[0mPOST /api/sale/buy [33m409[0m 26.485 ms - 34[0m
[0mPOST /api/sale/buy [33m409[0m 27.344 ms - 34[0m
[0mPOST /api/sale/buy [33m409[0m 27.110 ms - 34[0m
[0mPOST /api/sale/buy [33m409[0m 26.365 ms - 34[0m
[0mPOST /api/sale/buy [33m409[0m 25.984 ms - 34[0m
[0mPOST /api/sale/buy [33m409[0m 48.366 ms - 34[0m
[0mPOST /api/sale/buy [33m409[0m 48.858 ms - 34[0m
[0mPOST /api/sale/buy [33m409[0m 52.929 ms - 34[0m
[0mPOST /api/sale/buy [33m409[0m 52.705 ms - 34[0m
[0mPOST /api/sale/buy [33m409[0m 50.863 ms - 34[0m
[0mPOST /api/sale/buy [33m409[0m 50.572 ms - 34[0m
[0mPOST /api/sale/buy [33m409[0m 28.638 ms - 34[0m
[0mPOST /api/sale/buy [33m409[0m 32.964 ms - 34[0m
[0mPOST /api/sale/buy [33m409[0m 26.504 ms - 34[0m
[0mPOST /api/sale/buy [33m409[0m 29.292 ms - 34[0m
[0mPOST /api/sale/buy [33m409[0m 30.720 ms - 34[0m
[0mPOST /api/sale/buy [33m409[0m 30.352 ms - 34[0m
[0mPOST /api/sale/buy [33m409[0m 26.627 ms - 34[0m
[0mPOST /api/sale/buy [33m409[0m 28.082 ms - 34[0m
[0mPOST /api/sale/buy [33m409[0m 26.434 ms - 34[0m
[0mPOST /api/sale/buy [33m409[0m 26.189 ms - 34[0m
[0mPOST /api/sale/buy [33m409[0m 51.262 ms - 34[0m
[0mPOST /api/sale/buy [33m409[0m 52.382 ms - 34[0m
[0mPOST /api/sale/buy [33m409[0m 53.243 ms - 34[0m
[0mPOST /api/sale/buy [33m409[0m 55.145 ms - 34[0m
[0mPOST /api/sale/buy [33m409[0m 52.379 ms - 34[0m
[0mPOST /api/sale/buy [33m409[0m 54.768 ms - 34[0m
[0mPOST /api/sale/buy [33m409[0m 27.462 ms - 34[0m
[0mPOST /api/sale/buy [33m409[0m 26.766 ms - 34[0m
[0mPOST /api/sale/buy [33m409[0m 26.352 ms - 34[0m
[0mPOST /api/sale/buy [33m409[0m 26.399 ms - 34[0m
[0mPOST /api/sale/buy [33m409[0m 28.459 ms - 34[0m
[0mPOST /api/sale/buy [33m409[0m 25.483 ms - 34[0m
[0mPOST /api/sale/buy [33m409[0m 27.636 ms - 34[0m
[0mPOST /api/sale/buy [33m409[0m 27.335 ms - 34[0m
[0mPOST /api/sale/buy [33m409[0m 27.031 ms - 34[0m
[0mPOST /api/sale/buy [33m409[0m 25.928 ms - 34[0m
[0mPOST /api/sale/buy [33m409[0m 55.177 ms - 34[0m
[0mPOST /api/sale/buy [33m409[0m 55.001 ms - 34[0m
[0mPOST /api/sale/buy [33m409[0m 51.169 ms - 34[0m
[0mPOST /api/sale/buy [33m409[0m 50.768 ms - 34[0m
[0mPOST /api/sale/buy [33m409[0m 50.556 ms - 34[0m
[0mPOST /api/sale/buy [33m409[0m 50.343 ms - 34[0m
[0mPOST /api/sale/buy [33m409[0m 178.190 ms - 34[0m
[0mPOST /api/sale/buy [33m409[0m 177.940 ms - 34[0m
[0mPOST /api/sale/buy [33m409[0m 207.887 ms - 34[0m
[0mPOST /api/sale/buy [33m409[0m 205.042 ms - 34[0m
[0mPOST /api/sale/buy [33m409[0m 204.232 ms - 34[0m
[0mPOST /api/sale/buy [33m409[0m 204.000 ms - 34[0m
[0mPOST /api/sale/buy [33m409[0m 55.788 ms - 34[0m
[0mPOST /api/sale/buy [33m409[0m 59.399 ms - 34[0m
[0mPOST /api/sale/buy [33m409[0m 27.220 ms - 34[0m
[0mPOST /api/sale/buy [33m409[0m 26.863 ms - 34[0m
[0mPOST /api/sale/buy [33m409[0m 26.504 ms - 34[0m
[0mPOST /api/sale/buy [33m409[0m 26.225 ms - 34[0m
[0mPOST /api/sale/buy [33m409[0m 25.609 ms - 34[0m
[0mPOST /api/sale/buy [33m409[0m 26.589 ms - 34[0m
[0mPOST /api/sale/buy [33m409[0m 27.022 ms - 34[0m
[0mPOST /api/sale/buy [33m409[0m 26.657 ms - 34[0m
[0mPOST /api/sale/buy [33m409[0m 29.109 ms - 34[0m
[0mPOST /api/sale/buy [33m409[0m 29.388 ms - 34[0m
[0mPOST /api/sale/buy [33m409[0m 29.377 ms - 34[0m
[0mPOST /api/sale/buy [33m409[0m 29.071 ms - 34[0m
[0mPOST /api/sale/buy [33m409[0m 26.534 ms - 34[0m
[0mPOST /api/sale/buy [33m409[0m 26.554 ms - 34[0m
[0mPOST /api/sale/buy [33m409[0m 27.968 ms - 34[0m
[0mPOST /api/sale/buy [33m409[0m 27.809 ms - 34[0m
[0mPOST /api/sale/buy [33m409[0m 27.706 ms - 34[0m
[0mPOST /api/sale/buy [33m409[0m 27.627 ms - 34[0m
[0mPOST /api/sale/buy [33m409[0m 54.399 ms - 34[0m
[0mPOST /api/sale/buy [33m409[0m 54.258 ms - 34[0m
[0mPOST /api/sale/buy [33m409[0m 53.610 ms - 34[0m
[0mPOST /api/sale/buy [33m409[0m 53.168 ms - 34[0m
[0mPOST /api/sale/buy [33m409[0m 52.907 ms - 34[0m
[0mPOST /api/sale/buy [33m409[0m 52.737 ms - 34[0m
[0mPOST /api/sale/buy [33m409[0m 45.496 ms - 34[0m
[0mPOST /api/sale/buy [33m409[0m 46.105 ms - 34[0m
[0mPOST /api/sale/buy [33m409[0m 49.694 ms - 34[0m
[0mPOST /api/sale/buy [33m409[0m 49.911 ms - 34[0m
[0mPOST /api/sale/buy [33m409[0m 49.908 ms - 34[0m
[0mPOST /api/sale/buy [33m409[0m 49.934 ms - 34[0m
[0mPOST /api/sale/buy [33m409[0m 243.421 ms - 34[0m
[0mPOST /api/sale/buy [33m409[0m 246.506 ms - 34[0m
[0mPOST /api/sale/buy [33m409[0m 251.652 ms - 34[0m
[0mPOST /api/sale/buy [33m409[0m 251.403 ms - 34[0m
[0mPOST /api/sale/buy [33m409[0m 251.159 ms - 34[0m
[0mPOST /api/sale/buy [33m409[0m 250.943 ms - 34[0m
[0mPOST /api/sale/buy [33m409[0m 30.141 ms - 34[0m
[0mPOST /api/sale/buy [33m409[0m 30.522 ms - 34[0m
[0mPOST /api/sale/buy [33m409[0m 27.701 ms - 34[0m
[0mPOST /api/sale/buy [33m409[0m 27.575 ms - 34[0m
[0mPOST /api/sale/buy [33m409[0m 27.502 ms - 34[0m
[0mPOST /api/sale/buy [33m409[0m 27.463 ms - 34[0m
[0mPOST /api/sale/buy [33m409[0m 51.923 ms - 34[0m
[0mPOST /api/sale/buy [33m409[0m 53.029 ms - 34[0m
[0mPOST /api/sale/buy [33m409[0m 50.937 ms - 34[0m
[0mPOST /api/sale/buy [33m409[0m 50.486 ms - 34[0m
[0mPOST /api/sale/buy [33m409[0m 50.185 ms - 34[0m
[0mPOST /api/sale/buy [33m409[0m 49.957 ms - 34[0m
[0mPOST /api/sale/buy [33m409[0m 28.421 ms - 34[0m
[0mPOST /api/sale/buy [33m409[0m 27.554 ms - 34[0m
[0mPOST /api/sale/buy [33m409[0m 27.657 ms - 34[0m
[0mPOST /api/sale/buy [33m409[0m 27.294 ms - 34[0m
[0mPOST /api/sale/buy [33m409[0m 27.080 ms - 34[0m
[0mPOST /api/sale/buy [33m409[0m 26.890 ms - 34[0m
[0mPOST /api/sale/buy [33m409[0m 56.576 ms - 34[0m
[0mPOST /api/sale/buy [33m409[0m 56.526 ms - 34[0m
[0mPOST /api/sale/buy [33m409[0m 53.787 ms - 34[0m
[0mPOST /api/sale/buy [33m409[0m 53.434 ms - 34[0m
[0mPOST /api/sale/buy [33m409[0m 53.045 ms - 34[0m
[0mPOST /api/sale/buy [33m409[0m 52.803 ms - 34[0m
[0mPOST /api/sale/buy [33m409[0m 26.210 ms - 34[0m
[0mPOST /api/sale/buy [33m409[0m 27.910 ms - 34[0m
[0mPOST /api/sale/buy [33m409[0m 28.701 ms - 34[0m
[0mPOST /api/sale/buy [33m409[0m 32.960 ms - 34[0m
[0mPOST /api/sale/buy [33m409[0m 32.770 ms - 34[0m
[0mPOST /api/sale/buy [33m409[0m 32.820 ms - 34[0m
[0mPOST /api/sale/buy [33m409[0m 30.663 ms - 34[0m
[0mPOST /api/sale/buy [33m409[0m 29.863 ms - 34[0m
[0mPOST /api/sale/buy [33m409[0m 58.334 ms - 34[0m
[0mPOST /api/sale/buy [33m409[0m 55.554 ms - 34[0m
[0mPOST /api/sale/buy [33m409[0m 55.457 ms - 34[0m
[0mPOST /api/sale/buy [33m409[0m 55.387 ms - 34[0m
[0mPOST /api/sale/buy [33m409[0m 50.575 ms - 34[0m
[0mPOST /api/sale/buy [33m409[0m 54.309 ms - 34[0m
[0mPOST /api/sale/buy [33m409[0m 24.317 ms - 34[0m
[0mPOST /api/sale/buy [33m409[0m 27.595 ms - 34[0m
[0mPOST /api/sale/buy [33m409[0m 28.406 ms - 34[0m
[0mPOST /api/sale/buy [33m409[0m 28.281 ms - 34[0m
[0mPOST /api/sale/buy [33m409[0m 26.365 ms - 34[0m
[0mPOST /api/sale/buy [33m409[0m 24.648 ms - 34[0m
[0mGET /api/sale/metrics [32m200[0m 163.447 ms - 87[0m
[0mPOST /api/sale/buy [33m409[0m 181.251 ms - 34[0m
[0mPOST /api/sale/buy [33m409[0m 179.711 ms - 34[0m
[0mPOST /api/sale/buy [33m409[0m 180.556 ms - 34[0m
[0mGET /api/sale/metrics [32m200[0m 9.614 ms - 87[0m
[0mGET /api/sale/metrics [32m200[0m 10.414 ms - 87[0m
[0mPOST /api/sale/buy [32m200[0m 10.125 ms - 118[0m
[0mPOST /api/sale/buy [32m200[0m 10.894 ms - 118[0m
[0mPOST /api/sale/buy [32m200[0m 10.487 ms - 118[0m
[0mPOST /api/sale/buy [32m200[0m 10.451 ms - 118[0m
[0mPOST /api/sale/buy [32m200[0m 10.487 ms - 118[0m
[0mPOST /api/sale/buy [32m200[0m 9.811 ms - 118[0m
[0mPOST /api/sale/buy [32m200[0m 13.316 ms - 118[0m
[0mPOST /api/sale/buy [32m200[0m 11.125 ms - 118[0m
[0mPOST /api/sale/buy [32m200[0m 10.105 ms - 118[0m
[0mPOST /api/sale/buy [32m200[0m 8.450 ms - 118[0m
[0mPOST /api/sale/buy [32m200[0m 10.474 ms - 118[0m
[0mPOST /api/sale/buy [32m200[0m 9.992 ms - 118[0m
[0mPOST /api/sale/buy [32m200[0m 12.306 ms - 118[0m
[0mPOST /api/sale/buy [32m200[0m 11.898 ms - 118[0m
[0mPOST /api/sale/buy [32m200[0m 11.113 ms - 118[0m
[0mGET /api/sale/metrics [36m304[0m 13.628 ms - -[0m
[0mPOST /api/sale/buy [32m200[0m 9.232 ms - 118[0m
[0mPOST /api/sale/buy [32m200[0m 8.136 ms - 118[0m
[0mPOST /api/sale/buy [32m200[0m 8.364 ms - 118[0m
[0mPOST /api/sale/buy [32m200[0m 8.130 ms - 118[0m
[0mPOST /api/sale/buy [32m200[0m 7.968 ms - 118[0m
[0mPOST /api/sale/buy [32m200[0m 7.919 ms - 118[0m
[0mPOST /api/sale/buy [32m200[0m 7.839 ms - 118[0m
[0mPOST /api/sale/buy [32m200[0m 7.982 ms - 118[0m
[0mPOST /api/sale/buy [32m200[0m 8.702 ms - 118[0m
[0mPOST /api/sale/buy [32m200[0m 8.507 ms - 118[0m
[0mPOST /api/sale/buy [32m200[0m 8.433 ms - 118[0m
[0mPOST /api/sale/buy [32m200[0m 8.491 ms - 118[0m
[0mPOST /api/sale/buy [32m200[0m 8.410 ms - 118[0m
[0mPOST /api/sale/buy [32m200[0m 8.345 ms - 118[0m
[0mPOST /api/sale/buy [32m200[0m 8.496 ms - 118[0m
[0mPOST /api/sale/buy [32m200[0m 8.073 ms - 118[0m
[0mPOST /api/sale/buy [32m200[0m 7.838 ms - 118[0m
[0mPOST /api/sale/buy [32m200[0m 8.063 ms - 118[0m
[0mPOST /api/sale/buy [32m200[0m 8.110 ms - 118[0m
[0mPOST /api/sale/buy [32m200[0m 8.816 ms - 118[0m
[0mPOST /api/sale/buy [32m200[0m 35.782 ms - 118[0m
[0mPOST /api/sale/buy [32m200[0m 35.737 ms - 118[0m
[0mPOST /api/sale/buy [32m200[0m 35.618 ms - 118[0m
[0mPOST /api/sale/buy [32m200[0m 35.510 ms - 118[0m
[0mPOST /api/sale/buy [32m200[0m 35.401 ms - 118[0m
[0mPOST /api/sale/buy [32m200[0m 35.324 ms - 118[0m
[0mPOST /api/sale/buy [32m200[0m 35.400 ms - 118[0m
[0mPOST /api/sale/buy [32m200[0m 36.064 ms - 118[0m
[0mPOST /api/sale/buy [32m200[0m 36.224 ms - 118[0m
[0mPOST /api/sale/buy [32m200[0m 36.233 ms - 118[0m
[0mPOST /api/sale/buy [32m200[0m 36.254 ms - 118[0m
[0mPOST /api/sale/buy [32m200[0m 36.214 ms - 118[0m
[0mPOST /api/sale/buy [32m200[0m 9.380 ms - 118[0m
[0mPOST /api/sale/buy [32m200[0m 8.907 ms - 118[0m
[0mPOST /api/sale/buy [32m200[0m 8.609 ms - 118[0m
[0mPOST /api/sale/buy [32m200[0m 8.404 ms - 118[0m
[0mPOST /api/sale/buy [32m200[0m 8.222 ms - 118[0m
[0mPOST /api/sale/buy [32m200[0m 8.222 ms - 118[0m
[0mPOST /api/sale/buy [32m200[0m 8.322 ms - 118[0m
[0mPOST /api/sale/buy [32m200[0m 8.053 ms - 118[0m
[0mPOST /api/sale/buy [32m200[0m 7.864 ms - 118[0m
[0mPOST /api/sale/buy [32m200[0m 8.058 ms - 118[0m
[0mPOST /api/sale/buy [32m200[0m 8.798 ms - 118[0m
[0mPOST /api/sale/buy [32m200[0m 8.944 ms - 118[0m
[0mPOST /api/sale/buy [32m200[0m 8.362 ms - 118[0m
[0mPOST /api/sale/buy [32m200[0m 9.150 ms - 118[0m
[0mPOST /api/sale/buy [32m200[0m 8.916 ms - 118[0m
[0mPOST /api/sale/buy [32m200[0m 8.733 ms - 118[0m
[0mPOST /api/sale/buy [32m200[0m 9.398 ms - 118[0m
[0mPOST /api/sale/buy [32m200[0m 9.490 ms - 118[0m
[0mPOST /api/sale/buy [32m200[0m 8.670 ms - 118[0m
[0mPOST /api/sale/buy [32m200[0m 9.043 ms - 118[0m
[0mPOST /api/sale/buy [32m200[0m 8.811 ms - 118[0m
[0mPOST /api/sale/buy [32m200[0m 8.636 ms - 118[0m
[0mPOST /api/sale/buy [32m200[0m 8.469 ms - 118[0m
[0mPOST /api/sale/buy [32m200[0m 8.352 ms - 118[0m
[0mPOST /api/sale/buy [32m200[0m 7.986 ms - 118[0m
[0mPOST /api/sale/buy [32m200[0m 7.629 ms - 118[0m
[0mPOST /api/sale/buy [32m200[0m 8.555 ms - 118[0m
[0mPOST /api/sale/buy [32m200[0m 8.421 ms - 118[0m
[0mPOST /api/sale/buy [32m200[0m 8.275 ms - 118[0m
[0mPOST /api/sale/buy [32m200[0m 8.152 ms - 118[0m
[0mPOST /api/sale/buy [32m200[0m 8.502 ms - 118[0m
[0mPOST /api/sale/buy [32m200[0m 8.935 ms - 118[0m
[0mPOST /api/sale/buy [32m200[0m 7.701 ms - 118[0m
[0mPOST /api/sale/buy [32m200[0m 7.479 ms - 118[0m
[0mPOST /api/sale/buy [32m200[0m 7.329 ms - 118[0m
[0mPOST /api/sale/buy [32m200[0m 7.194 ms - 118[0m
[0mPOST /api/sale/buy [32m200[0m 234.112 ms - 118[0m
[0mPOST /api/sale/buy [32m200[0m 258.164 ms - 118[0m
[0mPOST /api/sale/buy [32m200[0m 257.890 ms - 118[0m
[0mPOST /api/sale/buy [32m200[0m 257.763 ms - 118[0m
[0mPOST /api/sale/buy [32m200[0m 257.639 ms - 118[0m
[0mPOST /api/sale/buy [32m200[0m 257.570 ms - 118[0m
[0mPOST /api/sale/buy [32m200[0m 26.921 ms - 118[0m
[0mPOST /api/sale/buy [32m200[0m 9.036 ms - 118[0m
[0mPOST /api/sale/buy [32m200[0m 8.954 ms - 118[0m
[0mPOST /api/sale/buy [32m200[0m 10.397 ms - 118[0m
[0mPOST /api/sale/buy [32m200[0m 10.371 ms - 118[0m
[0mPOST /api/sale/buy [32m200[0m 10.315 ms - 118[0m
[0mPOST /api/sale/buy [32m200[0m 10.183 ms - 118[0m
[0mPOST /api/sale/buy [32m200[0m 8.195 ms - 118[0m
[0mPOST /api/sale/buy [32m200[0m 7.789 ms - 118[0m
[0mPOST /api/sale/buy [32m200[0m 8.211 ms - 118[0m
[0mPOST /api/sale/buy [32m200[0m 7.919 ms - 118[0m
[0mPOST /api/sale/buy [32m200[0m 7.754 ms - 118[0m
[0mPOST /api/sale/buy [32m200[0m 7.629 ms - 118[0m
[0mPOST /api/sale/buy [32m200[0m 9.707 ms - 118[0m
[0mPOST /api/sale/buy [32m200[0m 8.984 ms - 118[0m
[0mPOST /api/sale/buy [32m200[0m 9.547 ms - 118[0m
[0mPOST /api/sale/buy [32m200[0m 9.303 ms - 118[0m
[0mPOST /api/sale/buy [32m200[0m 9.061 ms - 118[0m
[0mPOST /api/sale/buy [32m200[0m 9.128 ms - 118[0m
[0mPOST /api/sale/buy [32m200[0m 8.876 ms - 118[0m
[0mPOST /api/sale/buy [32m200[0m 8.352 ms - 118[0m
[0mPOST /api/sale/buy [32m200[0m 8.389 ms - 118[0m
[0mPOST /api/sale/buy [32m200[0m 7.785 ms - 118[0m
[0mPOST /api/sale/buy [32m200[0m 7.425 ms - 118[0m
[0mPOST /api/sale/buy [32m200[0m 8.068 ms - 118[0m
[0mPOST /api/sale/buy [32m200[0m 8.929 ms - 118[0m
[0mPOST /api/sale/buy [32m200[0m 8.671 ms - 118[0m
[0mPOST /api/sale/buy [32m200[0m 8.514 ms - 117[0m
[0mPOST /api/sale/buy [32m200[0m 8.407 ms - 117[0m
[0mPOST /api/sale/buy [32m200[0m 32.713 ms - 117[0m
[0mPOST /api/sale/buy [32m200[0m 32.826 ms - 117[0m
[0mPOST /api/sale/buy [32m200[0m 24.890 ms - 117[0m
[0mPOST /api/sale/buy [32m200[0m 24.341 ms - 117[0m
[0mPOST /api/sale/buy [32m200[0m 24.169 ms - 117[0m
[0mPOST /api/sale/buy [32m200[0m 23.936 ms - 117[0m
[0mPOST /api/sale/buy [32m200[0m 7.588 ms - 117[0m
[0mPOST /api/sale/buy [32m200[0m 9.831 ms - 117[0m
[0mPOST /api/sale/buy [33m409[0m 8.607 ms - 34[0m
[0mPOST /api/sale/buy [33m409[0m 8.840 ms - 34[0m
[0mPOST /api/sale/buy [33m409[0m 8.697 ms - 34[0m
[0mPOST /api/sale/buy [33m409[0m 8.386 ms - 34[0m
[0mPOST /api/sale/buy [33m409[0m 8.733 ms - 34[0m
[0mPOST /api/sale/buy [33m409[0m 8.195 ms - 34[0m
[0mPOST /api/sale/buy [33m409[0m 9.269 ms - 34[0m
[0mPOST /api/sale/buy [33m409[0m 8.937 ms - 34[0m
[0mPOST /api/sale/buy [33m409[0m 8.670 ms - 34[0m
[0mPOST /api/sale/buy [33m409[0m 8.464 ms - 34[0m
[0mPOST /api/sale/buy [33m409[0m 8.461 ms - 34[0m
[0mPOST /api/sale/buy [33m409[0m 8.064 ms - 34[0m
[0mPOST /api/sale/buy [33m409[0m 7.481 ms - 34[0m
[0mPOST /api/sale/buy [33m409[0m 10.101 ms - 34[0m
[0mPOST /api/sale/buy [33m409[0m 9.987 ms - 34[0m
[0mPOST /api/sale/buy [33m409[0m 9.800 ms - 34[0m
[0mPOST /api/sale/buy [33m409[0m 9.794 ms - 34[0m
[0mPOST /api/sale/buy [33m409[0m 9.905 ms - 34[0m
[0mPOST /api/sale/buy [33m409[0m 8.593 ms - 34[0m
[0mPOST /api/sale/buy [33m409[0m 7.643 ms - 34[0m
[0mPOST /api/sale/buy [33m409[0m 8.375 ms - 34[0m
[0mPOST /api/sale/buy [33m409[0m 7.970 ms - 34[0m
[0mPOST /api/sale/buy [33m409[0m 7.618 ms - 34[0m
[0mPOST /api/sale/buy [33m409[0m 7.432 ms - 34[0m
[0mPOST /api/sale/buy [33m409[0m 7.935 ms - 34[0m
[0mPOST /api/sale/buy [33m409[0m 7.057 ms - 34[0m
[0mPOST /api/sale/buy [33m409[0m 6.498 ms - 34[0m
[0mPOST /api/sale/buy [33m409[0m 7.689 ms - 34[0m
[0mPOST /api/sale/buy [33m409[0m 7.493 ms - 34[0m
[0mPOST /api/sale/buy [33m409[0m 8.858 ms - 34[0m
[0mPOST /api/sale/buy [33m409[0m 8.653 ms - 34[0m
[0mPOST /api/sale/buy [33m409[0m 6.660 ms - 34[0m
[0mPOST /api/sale/buy [33m409[0m 8.907 ms - 34[0m
[0mPOST /api/sale/buy [33m409[0m 7.254 ms - 34[0m
[0mPOST /api/sale/buy [33m409[0m 8.577 ms - 34[0m
[0mPOST /api/sale/buy [33m409[0m 9.717 ms - 34[0m
[0mPOST /api/sale/buy [33m409[0m 9.368 ms - 34[0m
[0mPOST /api/sale/buy [33m409[0m 8.371 ms - 34[0m
[0mPOST /api/sale/buy [33m409[0m 7.928 ms - 34[0m
[0mPOST /api/sale/buy [33m409[0m 7.892 ms - 34[0m
[0mPOST /api/sale/buy [33m409[0m 8.009 ms - 34[0m
[0mPOST /api/sale/buy [33m409[0m 7.208 ms - 34[0m
[0mPOST /api/sale/buy [33m409[0m 35.806 ms - 34[0m
[0mPOST /api/sale/buy [33m409[0m 35.863 ms - 34[0m
[0mPOST /api/sale/buy [33m409[0m 35.716 ms - 34[0m
[0mPOST /api/sale/buy [33m409[0m 35.613 ms - 34[0m
[0mPOST /api/sale/buy [33m409[0m 33.632 ms - 34[0m
[0mPOST /api/sale/buy [33m409[0m 32.206 ms - 34[0m
[0mPOST /api/sale/buy [33m409[0m 8.374 ms - 34[0m
[0mPOST /api/sale/buy [33m409[0m 8.168 ms - 34[0m
[0mPOST /api/sale/buy [33m409[0m 7.950 ms - 34[0m
[0mPOST /api/sale/buy [33m409[0m 7.745 ms - 34[0m
[0mPOST /api/sale/buy [33m409[0m 9.133 ms - 34[0m
[0mPOST /api/sale/buy [33m409[0m 9.039 ms - 34[0m
[0mPOST /api/sale/buy [33m409[0m 7.798 ms - 34[0m
[0mPOST /api/sale/buy [33m409[0m 8.548 ms - 34[0m
[0mPOST /api/sale/buy [33m409[0m 8.442 ms - 34[0m
[0mPOST /api/sale/buy [33m409[0m 8.246 ms - 34[0m
[0mPOST /api/sale/buy [33m409[0m 8.070 ms - 34[0m
[0mPOST /api/sale/buy [33m409[0m 8.771 ms - 34[0m
[0mPOST /api/sale/buy [33m409[0m 7.690 ms - 34[0m
[0mPOST /api/sale/buy [33m409[0m 7.641 ms - 34[0m
[0mPOST /api/sale/buy [33m409[0m 7.503 ms - 34[0m
[0mPOST /api/sale/buy [33m409[0m 7.357 ms - 34[0m
[0mPOST /api/sale/buy [33m409[0m 7.162 ms - 34[0m
[0mPOST /api/sale/buy [33m409[0m 7.007 ms - 34[0m
[0mPOST /api/sale/buy [33m409[0m 6.768 ms - 34[0m
[0mPOST /api/sale/buy [33m409[0m 9.078 ms - 34[0m
[0mPOST /api/sale/buy [33m409[0m 8.904 ms - 34[0m
[0mPOST /api/sale/buy [33m409[0m 8.696 ms - 34[0m
[0mPOST /api/sale/buy [33m409[0m 8.481 ms - 34[0m
[0mPOST /api/sale/buy [33m409[0m 9.074 ms - 34[0m
[0mPOST /api/sale/buy [33m409[0m 6.957 ms - 34[0m
[0mPOST /api/sale/buy [33m409[0m 185.189 ms - 34[0m
[0mPOST /api/sale/buy [33m409[0m 189.618 ms - 34[0m
[0mPOST /api/sale/buy [33m409[0m 189.739 ms - 34[0m
[0mPOST /api/sale/buy [33m409[0m 189.741 ms - 34[0m
[0mPOST /api/sale/buy [33m409[0m 189.726 ms - 34[0m
[0mPOST /api/sale/buy [33m409[0m 189.740 ms - 34[0m
[0mPOST /api/sale/buy [33m409[0m 7.247 ms - 34[0m
[0mPOST /api/sale/buy [33m409[0m 8.214 ms - 34[0m
[0mPOST /api/sale/buy [33m409[0m 9.293 ms - 34[0m
[0mPOST /api/sale/buy [33m409[0m 9.192 ms - 34[0m
[0mPOST /api/sale/buy [33m409[0m 8.919 ms - 34[0m
[0mPOST /api/sale/buy [33m409[0m 8.737 ms - 34[0m
[0mPOST /api/sale/buy [33m409[0m 8.874 ms - 34[0m
[0mPOST /api/sale/buy [33m409[0m 8.468 ms - 34[0m
[0mPOST /api/sale/buy [33m409[0m 8.104 ms - 34[0m
[0mPOST /api/sale/buy [33m409[0m 7.719 ms - 34[0m
[0mPOST /api/sale/buy [33m409[0m 7.314 ms - 34[0m
[0mPOST /api/sale/buy [33m409[0m 9.603 ms - 34[0m
[0mPOST /api/sale/buy [33m409[0m 8.214 ms - 34[0m
[0mPOST /api/sale/buy [33m409[0m 7.196 ms - 34[0m
[0mPOST /api/sale/buy [33m409[0m 7.092 ms - 34[0m
[0mPOST /api/sale/buy [33m409[0m 8.111 ms - 34[0m
[0mPOST /api/sale/buy [33m409[0m 7.944 ms - 34[0m
[0mPOST /api/sale/buy [33m409[0m 8.686 ms - 34[0m
[0mPOST /api/sale/buy [33m409[0m 7.212 ms - 34[0m
[0mPOST /api/sale/buy [33m409[0m 8.277 ms - 34[0m
[0mPOST /api/sale/buy [33m409[0m 7.452 ms - 34[0m
[0mPOST /api/sale/buy [33m409[0m 7.872 ms - 34[0m
[0mPOST /api/sale/buy [33m409[0m 7.802 ms - 34[0m
[0mPOST /api/sale/buy [33m409[0m 8.332 ms - 34[0m
[0mPOST /api/sale/buy [33m409[0m 8.059 ms - 34[0m
[0mPOST /api/sale/buy [33m409[0m 8.044 ms - 34[0m
[0mPOST /api/sale/buy [33m409[0m 7.984 ms - 34[0m
[0mPOST /api/sale/buy [33m409[0m 7.842 ms - 34[0m
[0mPOST /api/sale/buy [33m409[0m 9.030 ms - 34[0m
[0mPOST /api/sale/buy [33m409[0m 7.008 ms - 34[0m
[0mPOST /api/sale/buy [33m409[0m 7.876 ms - 34[0m
[0mPOST /api/sale/buy [33m409[0m 8.248 ms - 34[0m
[0mPOST /api/sale/buy [33m409[0m 8.544 ms - 34[0m
[0mPOST /api/sale/buy [33m409[0m 7.381 ms - 34[0m
[0mPOST /api/sale/buy [33m409[0m 7.446 ms - 34[0m
[0mPOST /api/sale/buy [33m409[0m 7.147 ms - 34[0m
[0mPOST /api/sale/buy [33m409[0m 6.928 ms - 34[0m
[0mPOST /api/sale/buy [33m409[0m 7.813 ms - 34[0m
[0mPOST /api/sale/buy [33m409[0m 7.610 ms - 34[0m
[0mPOST /api/sale/buy [33m409[0m 8.361 ms - 34[0m
[0mPOST /api/sale/buy [33m409[0m 7.700 ms - 34[0m
[0mPOST /api/sale/buy [33m409[0m 8.599 ms - 34[0m
[0mPOST /api/sale/buy [33m409[0m 8.530 ms - 34[0m
[0mPOST /api/sale/buy [33m409[0m 8.133 ms - 34[0m
[0mPOST /api/sale/buy [33m409[0m 8.109 ms - 34[0m
[0mPOST /api/sale/buy [33m409[0m 7.986 ms - 34[0m
[0mPOST /api/sale/buy [33m409[0m 6.726 ms - 34[0m
[0mPOST /api/sale/buy [33m409[0m 7.099 ms - 34[0m
[0mPOST /api/sale/buy [33m409[0m 7.794 ms - 34[0m
[0mPOST /api/sale/buy [33m409[0m 7.319 ms - 34[0m
[0mPOST /api/sale/buy [33m409[0m 7.339 ms - 34[0m
[0mPOST /api/sale/buy [33m409[0m 8.741 ms - 34[0m
[0mPOST /api/sale/buy [33m409[0m 8.700 ms - 34[0m
[0mPOST /api/sale/buy [33m409[0m 9.379 ms - 34[0m
[0mPOST /api/sale/buy [33m409[0m 8.947 ms - 34[0m
[0mPOST /api/sale/buy [33m409[0m 7.230 ms - 34[0m
[0mPOST /api/sale/buy [33m409[0m 8.347 ms - 34[0m
[0mPOST /api/sale/buy [33m409[0m 7.097 ms - 34[0m
[0mPOST /api/sale/buy [33m409[0m 38.746 ms - 34[0m
[0mPOST /api/sale/buy [33m409[0m 35.586 ms - 34[0m
[0mPOST /api/sale/buy [33m409[0m 35.495 ms - 34[0m
[0mPOST /api/sale/buy [33m409[0m 63.972 ms - 34[0m
[0mPOST /api/sale/buy [33m409[0m 62.512 ms - 34[0m
[0mPOST /api/sale/buy [33m409[0m 62.342 ms - 34[0m
[0mPOST /api/sale/buy [33m409[0m 32.818 ms - 34[0m
[0mPOST /api/sale/buy [33m409[0m 32.566 ms - 34[0m
[0mPOST /api/sale/buy [33m409[0m 32.379 ms - 34[0m
[0mPOST /api/sale/buy [33m409[0m 7.736 ms - 34[0m
[0mPOST /api/sale/buy [33m409[0m 8.802 ms - 34[0m
[0mPOST /api/sale/buy [33m409[0m 8.632 ms - 34[0m
[0mPOST /api/sale/buy [33m409[0m 7.023 ms - 34[0m
[0mPOST /api/sale/buy [33m409[0m 7.854 ms - 34[0m
[0mPOST /api/sale/buy [33m409[0m 7.557 ms - 34[0m
[0mPOST /api/sale/buy [33m409[0m 7.446 ms - 34[0m
[0mPOST /api/sale/buy [33m409[0m 7.771 ms - 34[0m
[0mPOST /api/sale/buy [33m409[0m 8.171 ms - 34[0m
[0mPOST /api/sale/buy [33m409[0m 7.916 ms - 34[0m
[0mPOST /api/sale/buy [33m409[0m 7.704 ms - 34[0m
[0mPOST /api/sale/buy [33m409[0m 7.532 ms - 34[0m
[0mPOST /api/sale/buy [33m409[0m 7.202 ms - 34[0m
[0mPOST /api/sale/buy [33m409[0m 6.906 ms - 34[0m
[0mPOST /api/sale/buy [33m409[0m 9.295 ms - 34[0m
[0mPOST /api/sale/buy [33m409[0m 8.984 ms - 34[0m
[0mPOST /api/sale/buy [33m409[0m 8.525 ms - 34[0m
[0mPOST /api/sale/buy [33m409[0m 8.297 ms - 34[0m
[0mPOST /api/sale/buy [33m409[0m 6.685 ms - 34[0m
[0mPOST /api/sale/buy [33m409[0m 8.094 ms - 34[0m
[0mPOST /api/sale/buy [33m409[0m 8.082 ms - 34[0m
[0mPOST /api/sale/buy [33m409[0m 7.908 ms - 34[0m
[0mPOST /api/sale/buy [33m409[0m 8.269 ms - 34[0m
[0mPOST /api/sale/buy [33m409[0m 8.005 ms - 34[0m
[0mPOST /api/sale/buy [33m409[0m 7.818 ms - 34[0m
[0mPOST /api/sale/buy [33m409[0m 6.972 ms - 34[0m
[0mPOST /api/sale/buy [33m409[0m 8.719 ms - 34[0m
[0mPOST /api/sale/buy [33m409[0m 8.455 ms - 34[0m
[0mPOST /api/sale/buy [33m409[0m 8.980 ms - 34[0m
[0mPOST /api/sale/buy [33m409[0m 8.712 ms - 34[0m
[0mPOST /api/sale/buy [33m409[0m 8.528 ms - 34[0m
[0mPOST /api/sale/buy [33m409[0m 8.364 ms - 34[0m
[0mPOST /api/sale/buy [33m409[0m 66.509 ms - 34[0m
[0mPOST /api/sale/buy [33m409[0m 67.577 ms - 34[0m
[0mPOST /api/sale/buy [33m409[0m 66.850 ms - 34[0m
[0mPOST /api/sale/buy [33m409[0m 66.536 ms - 34[0m
[0mPOST /api/sale/buy [33m409[0m 69.713 ms - 34[0m
[0mPOST /api/sale/buy [33m409[0m 69.719 ms - 34[0m
[0mPOST /api/sale/buy [33m409[0m 9.207 ms - 34[0m
[0mPOST /api/sale/buy [33m409[0m 8.864 ms - 34[0m
[0mPOST /api/sale/buy [33m409[0m 8.460 ms - 34[0m
[0mPOST /api/sale/buy [33m409[0m 9.084 ms - 34[0m
[0mPOST /api/sale/buy [33m409[0m 8.860 ms - 34[0m
[0mPOST /api/sale/buy [33m409[0m 8.668 ms - 34[0m
[0mPOST /api/sale/buy [33m409[0m 7.764 ms - 34[0m
[0mPOST /api/sale/buy [33m409[0m 7.530 ms - 34[0m
[0mPOST /api/sale/buy [33m409[0m 7.807 ms - 34[0m
[0mPOST /api/sale/buy [33m409[0m 7.619 ms - 34[0m
[0mPOST /api/sale/buy [33m409[0m 7.414 ms - 34[0m
[0mPOST /api/sale/buy [33m409[0m 8.931 ms - 34[0m
[0mPOST /api/sale/buy [33m409[0m 8.416 ms - 34[0m
[0mPOST /api/sale/buy [33m409[0m 8.042 ms - 34[0m
[0mPOST /api/sale/buy [33m409[0m 7.852 ms - 34[0m
[0mPOST /api/sale/buy [33m409[0m 7.721 ms - 34[0m
[0mPOST /api/sale/buy [33m409[0m 8.750 ms - 34[0m
[0mPOST /api/sale/buy [33m409[0m 9.131 ms - 34[0m
[0mPOST /api/sale/buy [33m409[0m 8.172 ms - 34[0m
[0mPOST /api/sale/buy [33m409[0m 7.894 ms - 34[0m
[0mPOST /api/sale/buy [33m409[0m 7.474 ms - 34[0m
[0mPOST /api/sale/buy [33m409[0m 8.232 ms - 34[0m
[0mPOST /api/sale/buy [33m409[0m 8.226 ms - 34[0m
[0mPOST /api/sale/buy [33m409[0m 8.338 ms - 34[0m
[0mPOST /api/sale/buy [33m409[0m 8.535 ms - 34[0m
[0mPOST /api/sale/buy [33m409[0m 8.039 ms - 34[0m
[0mPOST /api/sale/buy [33m409[0m 7.651 ms - 34[0m
[0mPOST /api/sale/buy [33m409[0m 8.606 ms - 34[0m
[0mPOST /api/sale/buy [33m409[0m 8.609 ms - 34[0m
[0mPOST /api/sale/buy [33m409[0m 8.726 ms - 34[0m
[0mPOST /api/sale/buy [33m409[0m 9.120 ms - 34[0m
[0mPOST /api/sale/buy [33m409[0m 8.837 ms - 34[0m
[0mPOST /api/sale/buy [33m409[0m 8.588 ms - 34[0m
[0mPOST /api/sale/buy [33m409[0m 8.403 ms - 34[0m
[0mPOST /api/sale/buy [33m409[0m 9.415 ms - 34[0m
[0mPOST /api/sale/buy [33m409[0m 9.367 ms - 34[0m
[0mPOST /api/sale/buy [33m409[0m 97.150 ms - 34[0m
[0mPOST /api/sale/buy [33m409[0m 97.413 ms - 34[0m
[0mPOST /api/sale/buy [33m409[0m 97.575 ms - 34[0m
[0mPOST /api/sale/buy [33m409[0m 97.916 ms - 34[0m
[0mPOST /api/sale/buy [33m409[0m 98.019 ms - 34[0m
[0mPOST /api/sale/buy [33m409[0m 99.216 ms - 34[0m
[0mPOST /api/sale/buy [33m409[0m 8.091 ms - 34[0m
[0mPOST /api/sale/buy [33m409[0m 7.739 ms - 34[0m
[0mPOST /api/sale/buy [33m409[0m 7.431 ms - 34[0m
[0mPOST /api/sale/buy [33m409[0m 9.343 ms - 34[0m
[0mPOST /api/sale/buy [33m409[0m 9.190 ms - 34[0m
[0mPOST /api/sale/buy [33m409[0m 8.851 ms - 34[0m
[0mPOST /api/sale/buy [33m409[0m 9.153 ms - 34[0m
[0mPOST /api/sale/buy [33m409[0m 8.888 ms - 34[0m
[0mPOST /api/sale/buy [33m409[0m 9.359 ms - 34[0m
[0mPOST /api/sale/buy [33m409[0m 9.208 ms - 34[0m
[0mPOST /api/sale/buy [33m409[0m 9.065 ms - 34[0m
[0mPOST /api/sale/buy [33m409[0m 9.035 ms - 34[0m
[0mPOST /api/sale/buy [33m409[0m 9.413 ms - 34[0m
[0mPOST /api/sale/buy [33m409[0m 9.026 ms - 34[0m
[0mPOST /api/sale/buy [33m409[0m 9.961 ms - 34[0m
[0mPOST /api/sale/buy [33m409[0m 9.973 ms - 34[0m
[0mPOST /api/sale/buy [33m409[0m 9.980 ms - 34[0m
[0mPOST /api/sale/buy [33m409[0m 10.131 ms - 34[0m
[0mPOST /api/sale/buy [33m409[0m 8.963 ms - 34[0m
[0mPOST /api/sale/buy [33m409[0m 8.700 ms - 34[0m
[0mPOST /api/sale/buy [33m409[0m 8.784 ms - 34[0m
[0mPOST /api/sale/buy [33m409[0m 8.462 ms - 34[0m
[0mPOST /api/sale/buy [33m409[0m 8.103 ms - 34[0m
[0mPOST /api/sale/buy [33m409[0m 8.900 ms - 34[0m
[0mPOST /api/sale/buy [33m409[0m 7.968 ms - 34[0m
[0mPOST /api/sale/buy [33m409[0m 7.839 ms - 34[0m
[0mPOST /api/sale/buy [33m409[0m 8.842 ms - 34[0m
[0mPOST /api/sale/buy [33m409[0m 8.692 ms - 34[0m
[0mPOST /api/sale/buy [33m409[0m 8.544 ms - 34[0m
[0mPOST /api/sale/buy [33m409[0m 8.400 ms - 34[0m
[0mPOST /api/sale/buy [33m409[0m 90.804 ms - 34[0m
[0mPOST /api/sale/buy [33m409[0m 91.656 ms - 34[0m
[0mPOST /api/sale/buy [33m409[0m 95.205 ms - 34[0m
[0mPOST /api/sale/buy [33m409[0m 95.271 ms - 34[0m
[0mPOST /api/sale/buy [33m409[0m 95.261 ms - 34[0m
[0mPOST /api/sale/buy [33m409[0m 95.940 ms - 34[0m
[0mPOST /api/sale/buy [33m409[0m 7.553 ms - 34[0m
[0mPOST /api/sale/buy [33m409[0m 8.200 ms - 34[0m
[0mPOST /api/sale/buy [33m409[0m 9.042 ms - 34[0m
[0mPOST /api/sale/buy [33m409[0m 8.850 ms - 34[0m
[0mPOST /api/sale/buy [33m409[0m 8.682 ms - 34[0m
[0mGET /api/sale/metrics [32m200[0m 10.254 ms - 87[0m
[0mPOST /api/sale/buy [33m409[0m 9.606 ms - 34[0m
[0mPOST /api/sale/buy [33m409[0m 9.367 ms - 34[0m
[0mPOST /api/sale/buy [33m409[0m 8.727 ms - 34[0m
[0mPOST /api/sale/buy [33m409[0m 9.537 ms - 34[0m
[0mPOST /api/sale/buy [33m409[0m 9.390 ms - 34[0m
[0mPOST /api/sale/buy [33m409[0m 9.224 ms - 34[0m
[0mPOST /api/sale/buy [33m409[0m 8.427 ms - 34[0m
[0mPOST /api/sale/buy [33m409[0m 7.835 ms - 34[0m
[0mPOST /api/sale/buy [33m409[0m 7.672 ms - 34[0m
[0mPOST /api/sale/buy [33m409[0m 7.898 ms - 34[0m
[0mPOST /api/sale/buy [33m409[0m 7.530 ms - 34[0m
[0mPOST /api/sale/buy [33m409[0m 7.356 ms - 34[0m
[0mPOST /api/sale/buy [33m409[0m 8.431 ms - 34[0m
[0mPOST /api/sale/buy [33m409[0m 7.461 ms - 34[0m
[0mPOST /api/sale/buy [33m409[0m 8.931 ms - 34[0m
[0mPOST /api/sale/buy [33m409[0m 8.121 ms - 34[0m
[0mPOST /api/sale/buy [33m409[0m 7.774 ms - 34[0m
[0mPOST /api/sale/buy [33m409[0m 7.572 ms - 34[0m
[0mPOST /api/sale/buy [33m409[0m 8.240 ms - 34[0m
[0mPOST /api/sale/buy [33m409[0m 9.365 ms - 34[0m
[0mPOST /api/sale/buy [33m409[0m 7.920 ms - 34[0m
[0mPOST /api/sale/buy [33m409[0m 7.399 ms - 34[0m
[0mPOST /api/sale/buy [33m409[0m 8.658 ms - 34[0m
[0mPOST /api/sale/buy [33m409[0m 8.504 ms - 34[0m
[0mPOST /api/sale/buy [33m409[0m 8.430 ms - 34[0m
[0mPOST /api/sale/buy [33m409[0m 8.266 ms - 34[0m
[0mPOST /api/sale/buy [33m409[0m 8.164 ms - 34[0m
[0mPOST /api/sale/buy [33m409[0m 8.096 ms - 34[0m
[0mPOST /api/sale/buy [33m409[0m 7.354 ms - 34[0m
[0mPOST /api/sale/buy [33m409[0m 8.995 ms - 34[0m
[0mPOST /api/sale/buy [33m409[0m 8.158 ms - 34[0m
[0mPOST /api/sale/buy [33m409[0m 7.101 ms - 34[0m
[0mPOST /api/sale/buy [33m409[0m 8.438 ms - 34[0m
[0mPOST /api/sale/buy [33m409[0m 7.293 ms - 34[0m
[0mPOST /api/sale/buy [33m409[0m 10.243 ms - 34[0m
[0mPOST /api/sale/buy [33m409[0m 9.679 ms - 34[0m
[0mPOST /api/sale/buy [33m409[0m 7.472 ms - 34[0m
[0mPOST /api/sale/buy [33m409[0m 8.387 ms - 34[0m
[0mPOST /api/sale/buy [33m409[0m 8.235 ms - 34[0m
[0mPOST /api/sale/buy [33m409[0m 7.594 ms - 34[0m
[0mPOST /api/sale/buy [33m409[0m 8.507 ms - 34[0m
[0mPOST /api/sale/buy [33m409[0m 8.220 ms - 34[0m
[0mPOST /api/sale/buy [33m409[0m 8.145 ms - 34[0m
[0mPOST /api/sale/buy [33m409[0m 7.588 ms - 34[0m
[0mPOST /api/sale/buy [33m409[0m 8.261 ms - 34[0m
[0mPOST /api/sale/buy [33m409[0m 7.153 ms - 34[0m
[0mPOST /api/sale/buy [33m409[0m 8.549 ms - 34[0m
[0mPOST /api/sale/buy [33m409[0m 7.785 ms - 34[0m
[0mPOST /api/sale/buy [33m409[0m 7.646 ms - 34[0m
[0mPOST /api/sale/buy [33m409[0m 8.829 ms - 34[0m
[0mPOST /api/sale/buy [33m409[0m 8.402 ms - 34[0m
[0mPOST /api/sale/buy [33m409[0m 8.263 ms - 34[0m
[0mPOST /api/sale/buy [33m409[0m 7.821 ms - 34[0m
[0mPOST /api/sale/buy [33m409[0m 8.806 ms - 34[0m
[0mPOST /api/sale/buy [33m409[0m 8.713 ms - 34[0m
[0mPOST /api/sale/buy [33m409[0m 8.454 ms - 34[0m
[0mPOST /api/sale/buy [33m409[0m 8.123 ms - 34[0m
[0mPOST /api/sale/buy [33m409[0m 7.963 ms - 34[0m
[0mPOST /api/sale/buy [33m409[0m 9.078 ms - 34[0m
[0mPOST /api/sale/buy [33m409[0m 7.629 ms - 34[0m
[0mPOST /api/sale/buy [33m409[0m 8.692 ms - 34[0m
[0mPOST /api/sale/buy [33m409[0m 8.529 ms - 34[0m
[0mPOST /api/sale/buy [33m409[0m 8.386 ms - 34[0m
[0mPOST /api/sale/buy [33m409[0m 8.273 ms - 34[0m
[0mPOST /api/sale/buy [33m409[0m 7.406 ms - 34[0m
[0mPOST /api/sale/buy [33m409[0m 8.288 ms - 34[0m
[0mPOST /api/sale/buy [33m409[0m 8.253 ms - 34[0m
[0mPOST /api/sale/buy [33m409[0m 8.105 ms - 34[0m
[0mPOST /api/sale/buy [33m409[0m 7.972 ms - 34[0m
[0mPOST /api/sale/buy [33m409[0m 7.864 ms - 34[0m
[0mPOST /api/sale/buy [33m409[0m 7.298 ms - 34[0m
[0mPOST /api/sale/buy [33m409[0m 8.179 ms - 34[0m
[0mPOST /api/sale/buy [33m409[0m 8.106 ms - 34[0m
[0mPOST /api/sale/buy [33m409[0m 8.026 ms - 34[0m
[0mPOST /api/sale/buy [33m409[0m 7.848 ms - 34[0m
[0mPOST /api/sale/buy [33m409[0m 7.742 ms - 34[0m
[0mPOST /api/sale/buy [33m409[0m 8.472 ms - 34[0m
[0mPOST /api/sale/buy [33m409[0m 8.888 ms - 34[0m
[0mPOST /api/sale/buy [33m409[0m 8.630 ms - 34[0m
[0mPOST /api/sale/buy [33m409[0m 8.461 ms - 34[0m
[0mPOST /api/sale/buy [33m409[0m 8.313 ms - 34[0m
[0mPOST /api/sale/buy [33m409[0m 8.202 ms - 34[0m
[0mPOST /api/sale/buy [33m409[0m 8.059 ms - 34[0m
[0mPOST /api/sale/buy [33m409[0m 8.324 ms - 34[0m
[0mPOST /api/sale/buy [33m409[0m 8.084 ms - 34[0m
[0mPOST /api/sale/buy [33m409[0m 7.922 ms - 34[0m
[0mPOST /api/sale/buy [33m409[0m 7.770 ms - 34[0m
[0mPOST /api/sale/buy [33m409[0m 7.653 ms - 34[0m
[0mPOST /api/sale/buy [33m409[0m 8.805 ms - 34[0m
[0mPOST /api/sale/buy [33m409[0m 8.752 ms - 34[0m
[0mPOST /api/sale/buy [33m409[0m 9.753 ms - 34[0m
[0mPOST /api/sale/buy [33m409[0m 9.664 ms - 34[0m
[0mPOST /api/sale/buy [33m409[0m 9.582 ms - 34[0m
[0mPOST /api/sale/buy [33m409[0m 9.438 ms - 34[0m
[0mPOST /api/sale/buy [33m409[0m 9.335 ms - 34[0m
[0mPOST /api/sale/buy [33m409[0m 9.178 ms - 34[0m
[0mPOST /api/sale/buy [33m409[0m 8.689 ms - 34[0m
[0mPOST /api/sale/buy [33m409[0m 8.659 ms - 34[0m
[0mPOST /api/sale/buy [33m409[0m 8.523 ms - 34[0m
[0mPOST /api/sale/buy [33m409[0m 8.406 ms - 34[0m
[0mPOST /api/sale/buy [33m409[0m 9.042 ms - 34[0m
[0mPOST /api/sale/buy [33m409[0m 7.714 ms - 34[0m
[0mPOST /api/sale/buy [33m409[0m 8.752 ms - 34[0m
[0mPOST /api/sale/buy [33m409[0m 8.578 ms - 34[0m
[0mPOST /api/sale/buy [33m409[0m 8.440 ms - 34[0m
[0mPOST /api/sale/buy [33m409[0m 8.291 ms - 34[0m
[0mPOST /api/sale/buy [33m409[0m 8.152 ms - 34[0m
[0mPOST /api/sale/buy [33m409[0m 95.380 ms - 34[0m
[0mPOST /api/sale/buy [33m409[0m 95.144 ms - 34[0m
[0mPOST /api/sale/buy [33m409[0m 95.018 ms - 34[0m
[0mPOST /api/sale/buy [33m409[0m 94.924 ms - 34[0m
[0mPOST /api/sale/buy [33m409[0m 94.776 ms - 34[0m
[0mPOST /api/sale/buy [33m409[0m 94.671 ms - 34[0m
[0mPOST /api/sale/buy [33m409[0m 9.030 ms - 34[0m
[0mPOST /api/sale/buy [33m409[0m 8.832 ms - 34[0m
[0mPOST /api/sale/buy [33m409[0m 8.699 ms - 34[0m
[0mPOST /api/sale/buy [33m409[0m 8.590 ms - 34[0m
[0mPOST /api/sale/buy [33m409[0m 8.486 ms - 34[0m
[0mPOST /api/sale/buy [33m409[0m 8.406 ms - 34[0m
[0mGET /api/sale/metrics [32m200[0m 8.524 ms - 87[0m
[0mPOST /api/sale/buy [33m409[0m 8.457 ms - 34[0m
[0mGET /api/sale/metrics [36m304[0m 9.484 ms - -[0m
[0mGET /api/sale/metrics [36m304[0m 9.509 ms - -[0m
[0mGET /api/sale/metrics [36m304[0m 9.151 ms - -[0m
[0mGET /api/sale/metrics [36m304[0m 11.436 ms - -[0m
[0mGET /api/sale/metrics [36m304[0m 9.240 ms - -[0m
[0mGET /api/sale/metrics [32m200[0m 10.053 ms - 87[0m
[0mGET /api/sale/metrics [32m200[0m 9.847 ms - 87[0m
[0mGET /api/sale/metrics [32m200[0m 23.946 ms - 87[0m
[0mGET /api/sale/metrics [32m200[0m 9.810 ms - 87[0m
[0mGET /api/sale/metrics [32m200[0m 9.735 ms - 86[0m
[0mGET /api/sale/metrics [36m304[0m 10.122 ms - -[0m
[0mGET /api/sale/metrics [32m200[0m 28.179 ms - 87[0m
[0mGET /api/sale/metrics [36m304[0m 32.580 ms - -[0m
[0mGET /api/sale/metrics [36m304[0m 117.219 ms - -[0m
[0mGET /api/sale/metrics [36m304[0m 10.488 ms - -[0m
[0mGET /api/sale/metrics [36m304[0m 21.555 ms - -[0m
[0mGET /api/sale/metrics [36m304[0m 8.418 ms - -[0m
[0mGET /api/sale/metrics [36m304[0m 23.902 ms - -[0m
[0mGET /api/sale/metrics [36m304[0m 10.202 ms - -[0m
[0mGET /api/sale/metrics [36m304[0m 9.707 ms - -[0m
[0mGET /api/sale/metrics [36m304[0m 10.330 ms - -[0m
[0mGET /api/sale/metrics [36m304[0m 9.991 ms - -[0m
[0mGET /api/sale/metrics [36m304[0m 9.384 ms - -[0m
[0mGET /api/sale/metrics [36m304[0m 87.898 ms - -[0m
[0mGET /api/sale/metrics [36m304[0m 11.139 ms - -[0m
[0mPOST /api/sale/reset [32m200[0m 11.598 ms - 16[0m
[0mGET /api/sale/metrics [32m200[0m 11.375 ms - 85[0m
[0mGET /api/sale/metrics [36m304[0m 11.285 ms - -[0m
[0mGET /api/sale/metrics [36m304[0m 9.378 ms - -[0m
[0mGET /api/sale/metrics [36m304[0m 13.133 ms - -[0m
[0mGET /api/sale/metrics [36m304[0m 9.186 ms - -[0m
[0mGET /api/sale/metrics [36m304[0m 10.286 ms - -[0m
[0mGET /api/sale/metrics [36m304[0m 9.790 ms - -[0m
[0mGET /api/sale/metrics [36m304[0m 12.235 ms - -[0m
[0mGET /api/sale/metrics [36m304[0m 10.188 ms - -[0m
[0mGET /api/sale/metrics [36m304[0m 50.362 ms - -[0m
[0mGET /api/sale/metrics [36m304[0m 10.148 ms - -[0m
[0mGET /api/sale/metrics [36m304[0m 9.640 ms - -[0m
[0mGET /api/sale/metrics [36m304[0m 10.648 ms - -[0m
[0mGET /api/sale/metrics [36m304[0m 9.879 ms - -[0m
[0mGET /api/sale/metrics [36m304[0m 8.942 ms - -[0m
[0mGET /api/sale/metrics [36m304[0m 11.069 ms - -[0m
[0mGET /api/sale/metrics [36m304[0m 9.660 ms - -[0m
[0mGET /api/sale/metrics [36m304[0m 13.767 ms - -[0m
[0mGET /api/sale/metrics [36m304[0m 8.825 ms - -[0m
[0mGET /api/sale/metrics [36m304[0m 9.484 ms - -[0m
[0mGET /api/sale/metrics [36m304[0m 10.805 ms - -[0m
[0mGET /api/sale/metrics [36m304[0m 10.262 ms - -[0m
[0mGET /api/sale/metrics [36m304[0m 86.003 ms - -[0m
[0mGET /api/sale/metrics [36m304[0m 10.246 ms - -[0m
[0mGET /api/sale/metrics [36m304[0m 8.656 ms - -[0m
[0mGET /api/sale/metrics [36m304[0m 42.234 ms - -[0m
[0mGET /api/sale/metrics [36m304[0m 39.573 ms - -[0m
[0mGET /api/sale/metrics [36m304[0m 10.511 ms - -[0m
[0mGET /api/sale/metrics [36m304[0m 10.404 ms - -[0m
[0mGET /api/sale/metrics [36m304[0m 13.321 ms - -[0m
[0mGET /api/sale/metrics [36m304[0m 15.936 ms - -[0m
[0mGET /api/sale/metrics [36m304[0m 71.071 ms - -[0m
[0mGET /api/sale/metrics [36m304[0m 10.003 ms - -[0m
[0mGET /api/sale/metrics [36m304[0m 10.102 ms - -[0m
[0mGET /api/sale/metrics [36m304[0m 8.907 ms - -[0m
[0mGET /api/sale/metrics [36m304[0m 9.611 ms - -[0m
[0mGET /api/sale/metrics [36m304[0m 10.169 ms - -[0m
[0mGET /api/sale/metrics [36m304[0m 29.322 ms - -[0m
[0mGET /api/sale/metrics [36m304[0m 9.275 ms - -[0m
[0mGET /api/sale/metrics [36m304[0m 104.496 ms - -[0m
[0mGET /api/sale/metrics [36m304[0m 10.034 ms - -[0m
[0mGET /api/sale/metrics [36m304[0m 23.324 ms - -[0m
[0mGET /api/sale/metrics [36m304[0m 14.231 ms - -[0m
[0mGET /api/sale/metrics [36m304[0m 8.697 ms - -[0m
[0mGET /api/sale/metrics [36m304[0m 12.321 ms - -[0m
[0mGET /api/sale/metrics [36m304[0m 13.136 ms - -[0m
[0mGET /api/sale/metrics [36m304[0m 9.785 ms - -[0m
[0mGET /api/sale/metrics [36m304[0m 74.621 ms - -[0m
[0mGET /api/sale/metrics [36m304[0m 9.509 ms - -[0m
[0mGET /api/sale/metrics [36m304[0m 9.865 ms - -[0m
[0mGET /api/sale/metrics [36m304[0m 9.352 ms - -[0m
[0mGET /api/sale/metrics [36m304[0m 17.755 ms - -[0m
[0mGET /api/sale/metrics [36m304[0m 14.522 ms - -[0m
[0mGET /api/sale/metrics [36m304[0m 16.930 ms - -[0m
[0mGET /api/sale/metrics [36m304[0m 14.624 ms - -[0m
[0mGET /api/sale/metrics [36m304[0m 17.197 ms - -[0m
[0mGET /api/sale/metrics [36m304[0m 10.806 ms - -[0m
[0mGET /api/sale/metrics [36m304[0m 34.411 ms - -[0m
[0mGET /api/sale/metrics [36m304[0m 12.073 ms - -[0m
[0mGET /api/sale/metrics [36m304[0m 12.992 ms - -[0m
[0mGET /api/sale/metrics [36m304[0m 12.185 ms - -[0m
[0mGET /api/sale/metrics [36m304[0m 13.436 ms - -[0m
[0mGET /api/sale/metrics [36m304[0m 13.894 ms - -[0m
[0mGET /api/sale/metrics [36m304[0m 14.803 ms - -[0m
[0mGET /api/sale/metrics [36m304[0m 13.644 ms - -[0m
[0mGET /api/sale/metrics [36m304[0m 15.449 ms - -[0m
[0mGET /api/sale/metrics [36m304[0m 17.603 ms - -[0m
[0mGET /api/sale/metrics [36m304[0m 10.373 ms - -[0m
[0mGET /api/sale/metrics [36m304[0m 10.633 ms - -[0m
[0mGET /api/sale/metrics [36m304[0m 97.817 ms - -[0m
[0mGET /api/sale/metrics [36m304[0m 12.864 ms - -[0m
[0mGET /api/sale/metrics [36m304[0m 11.432 ms - -[0m
[0mGET /api/sale/metrics [36m304[0m 10.605 ms - -[0m
[0mGET /api/sale/metrics [36m304[0m 14.477 ms - -[0m
[0mGET /api/sale/metrics [36m304[0m 10.541 ms - -[0m
[0mGET /api/sale/metrics [36m304[0m 10.064 ms - -[0m
[0mGET /api/sale/metrics [36m304[0m 14.741 ms - -[0m
[0mGET /api/sale/metrics [36m304[0m 28.727 ms - -[0m
[0mGET /api/sale/metrics [36m304[0m 10.473 ms - -[0m
[0mGET /api/sale/metrics [36m304[0m 10.406 ms - -[0m
[0mGET /api/sale/metrics [36m304[0m 12.197 ms - -[0m
[0mGET /api/sale/metrics [36m304[0m 13.814 ms - -[0m
[0mGET /api/sale/metrics [36m304[0m 10.310 ms - -[0m
[0mGET /api/sale/metrics [36m304[0m 11.693 ms - -[0m
[0mGET /api/sale/metrics [36m304[0m 10.165 ms - -[0m
[0mGET /api/sale/metrics [36m304[0m 10.211 ms - -[0m
[0mGET /api/sale/metrics [36m304[0m 10.725 ms - -[0m
[0mGET /api/sale/metrics [36m304[0m 12.761 ms - -[0m
[0mGET /api/sale/metrics [36m304[0m 12.489 ms - -[0m
[0mGET /api/sale/metrics [36m304[0m 18.506 ms - -[0m
[0mGET /api/sale/metrics [36m304[0m 10.306 ms - -[0m
[0mGET /api/sale/metrics [36m304[0m 11.870 ms - -[0m
[0mGET /api/sale/metrics [36m304[0m 101.514 ms - -[0m
[0mGET /api/sale/metrics [36m304[0m 10.205 ms - -[0m
[0mGET /api/sale/metrics [36m304[0m 10.092 ms - -[0m
[0mGET /api/sale/metrics [36m304[0m 13.211 ms - -[0m
[0mGET /api/sale/metrics [36m304[0m 10.827 ms - -[0m
[0mGET /api/sale/metrics [36m304[0m 12.373 ms - -[0m
[0mGET /api/sale/metrics [36m304[0m 10.783 ms - -[0m
[0mGET /api/sale/metrics [36m304[0m 11.388 ms - -[0m
[0mGET /api/sale/metrics [36m304[0m 27.482 ms - -[0m
[0mGET /api/sale/metrics [36m304[0m 77.898 ms - -[0m
[0mGET /api/sale/metrics [36m304[0m 10.633 ms - -[0m
[0mGET /api/sale/metrics [36m304[0m 169.180 ms - -[0m
[0mGET /api/sale/metrics [36m304[0m 9.896 ms - -[0m
[0mGET /api/sale/metrics [36m304[0m 10.722 ms - -[0m
[0mGET /api/sale/metrics [36m304[0m 10.822 ms - -[0m
[0mGET /api/sale/metrics [36m304[0m 28.861 ms - -[0m
[0mGET /api/sale/metrics [36m304[0m 10.610 ms - -[0m
[0mGET /api/sale/metrics [36m304[0m 11.876 ms - -[0m
[0mGET /api/sale/metrics [36m304[0m 37.525 ms - -[0m
[0mGET /api/sale/metrics [36m304[0m 40.274 ms - -[0m
[0mGET /api/sale/metrics [36m304[0m 31.284 ms - -[0m
[0mGET /api/sale/metrics [36m304[0m 19.366 ms - -[0m
[0mGET /api/sale/metrics [36m304[0m 11.046 ms - -[0m
[0mGET /api/sale/metrics [36m304[0m 11.372 ms - -[0m
[0mGET /api/sale/metrics [36m304[0m 10.258 ms - -[0m
[0mGET /api/sale/metrics [36m304[0m 32.710 ms - -[0m
[0mGET /api/sale/metrics [36m304[0m 10.629 ms - -[0m
[0mGET /api/sale/metrics [36m304[0m 11.410 ms - -[0m
[0mGET /api/sale/metrics [36m304[0m 10.553 ms - -[0m
[0mGET /api/sale/metrics [36m304[0m 17.410 ms - -[0m
[0mGET /api/sale/metrics [36m304[0m 9.786 ms - -[0m
[0mGET /api/sale/metrics [36m304[0m 92.483 ms - -[0m
[0mGET /api/sale/metrics [36m304[0m 9.428 ms - -[0m
[0mGET /api/sale/metrics [36m304[0m 11.348 ms - -[0m
[0mGET /api/sale/metrics [36m304[0m 10.628 ms - -[0m
[0mGET /api/sale/metrics [36m304[0m 12.660 ms - -[0m
[0mGET /api/sale/metrics [36m304[0m 10.836 ms - -[0m
[0mGET /api/sale/metrics [36m304[0m 14.613 ms - -[0m
[0mGET /api/sale/metrics [36m304[0m 10.013 ms - -[0m
[0mGET /api/sale/metrics [36m304[0m 10.874 ms - -[0m
[0mGET /api/sale/metrics [36m304[0m 10.262 ms - -[0m
[0mGET /api/sale/metrics [36m304[0m 62.228 ms - -[0m
[0mGET /api/sale/metrics [36m304[0m 10.977 ms - -[0m
[0mGET /api/sale/metrics [36m304[0m 10.288 ms - -[0m
[0mGET /api/sale/metrics [36m304[0m 9.950 ms - -[0m
[0mGET /api/sale/metrics [36m304[0m 10.618 ms - -[0m
[0mGET /api/sale/metrics [36m304[0m 234.491 ms - -[0m
[0mGET /api/sale/metrics [36m304[0m 12.695 ms - -[0m
[0mGET /api/sale/metrics [36m304[0m 10.948 ms - -[0m
[0mGET /api/sale/metrics [36m304[0m 10.950 ms - -[0m
[0mGET /api/sale/metrics [36m304[0m 9.753 ms - -[0m
[0mGET /api/sale/metrics [36m304[0m 24.049 ms - -[0m
[0mGET /api/sale/metrics [36m304[0m 10.034 ms - -[0m
[0mGET /api/sale/metrics [36m304[0m 15.891 ms - -[0m
[0mGET /api/sale/metrics [36m304[0m 9.465 ms - -[0m
[0mGET /api/sale/metrics [36m304[0m 78.094 ms - -[0m
[0mGET /api/sale/metrics [36m304[0m 11.674 ms - -[0m
[0mGET /api/sale/metrics [36m304[0m 17.682 ms - -[0m
[0mGET /api/sale/metrics [36m304[0m 9.234 ms - -[0m
[0mGET /api/sale/metrics [36m304[0m 13.105 ms - -[0m
[0mGET /api/sale/metrics [36m304[0m 10.413 ms - -[0m
[0mGET /api/sale/metrics [36m304[0m 17.737 ms - -[0m
[0mGET /api/sale/metrics [36m304[0m 11.005 ms - -[0m
[0mGET /api/sale/metrics [36m304[0m 17.421 ms - -[0m
[0mGET /api/sale/metrics [36m304[0m 11.194 ms - -[0m
[0mPOST /api/sale/reset [32m200[0m 17.010 ms - 16[0m
[0mPOST /api/sale/reset [32m200[0m 16.604 ms - 16[0m
[0mGET /api/sale/metrics [36m304[0m 12.014 ms - -[0m
[0mGET /api/sale/metrics [36m304[0m 10.011 ms - -[0m
[0mGET /api/sale/metrics [36m304[0m 11.996 ms - -[0m
[0mGET /api/sale/metrics [36m304[0m 9.260 ms - -[0m
[0mGET /api/sale/metrics [36m304[0m 11.589 ms - -[0m
[0mGET /api/sale/metrics [36m304[0m 9.574 ms - -[0m
[0mGET /api/sale/metrics [36m304[0m 16.602 ms - -[0m
[0mGET /api/sale/metrics [36m304[0m 19.720 ms - -[0m
[0mGET /api/sale/metrics [36m304[0m 9.589 ms - -[0m
[0mGET /api/sale/metrics [36m304[0m 9.552 ms - -[0m
[0mGET /api/sale/metrics [36m304[0m 11.976 ms - -[0m
[0mGET /api/sale/metrics [36m304[0m 10.993 ms - -[0m
[0mGET /api/sale/metrics [36m304[0m 14.867 ms - -[0m
[0mGET /api/sale/metrics [36m304[0m 10.479 ms - -[0m
[0mGET /api/sale/metrics [36m304[0m 16.221 ms - -[0m
[0mGET /api/sale/metrics [36m304[0m 15.147 ms - -[0m
[0mGET /api/sale/metrics [36m304[0m 11.118 ms - -[0m
[0mGET /api/sale/metrics [36m304[0m 10.005 ms - -[0m
[0mGET /api/sale/metrics [36m304[0m 15.917 ms - -[0m
[0mGET /api/sale/metrics [36m304[0m 9.253 ms - -[0m
[0mGET /api/sale/metrics [36m304[0m 10.696 ms - -[0m
[0mGET /api/sale/metrics [36m304[0m 24.084 ms - -[0m
[0mGET /api/sale/metrics [36m304[0m 12.300 ms - -[0m
[0mGET /api/sale/metrics [36m304[0m 11.757 ms - -[0m
[0mGET /api/sale/metrics [36m304[0m 15.166 ms - -[0m
[0mGET /api/sale/metrics [36m304[0m 10.152 ms - -[0m
[0mGET /api/sale/metrics [36m304[0m 16.291 ms - -[0m
[0mGET /api/sale/metrics [36m304[0m 9.172 ms - -[0m
[0mGET /api/sale/metrics [36m304[0m 12.701 ms - -[0m
[0mGET /api/sale/metrics [36m304[0m 11.827 ms - -[0m
[0mGET /api/sale/metrics [36m304[0m 16.906 ms - -[0m
[0mGET /api/sale/metrics [36m304[0m 10.928 ms - -[0m
[0mGET /api/sale/metrics [36m304[0m 17.396 ms - -[0m
[0mGET /api/sale/metrics [36m304[0m 10.259 ms - -[0m
[0mGET /api/sale/metrics [36m304[0m 10.830 ms - -[0m
[0mGET /api/sale/metrics [36m304[0m 9.909 ms - -[0m
[0mGET /api/sale/metrics [36m304[0m 17.911 ms - -[0m
[0mGET /api/sale/metrics [36m304[0m 9.923 ms - -[0m
[0mGET /api/sale/metrics [36m304[0m 10.617 ms - -[0m
[0mGET /api/sale/metrics [36m304[0m 9.615 ms - -[0m
[0mGET /api/sale/metrics [36m304[0m 12.202 ms - -[0m
[0mGET /api/sale/metrics [36m304[0m 9.964 ms - -[0m
[0mGET /api/sale/metrics [36m304[0m 16.421 ms - -[0m
[0mGET /api/sale/metrics [36m304[0m 12.534 ms - -[0m
[0mGET /api/sale/metrics [36m304[0m 16.240 ms - -[0m
[0mGET /api/sale/metrics [36m304[0m 9.897 ms - -[0m
[0mGET /api/sale/metrics [36m304[0m 9.388 ms - -[0m
[0mGET /api/sale/metrics [36m304[0m 10.380 ms - -[0m
[0mGET /api/sale/metrics [36m304[0m 11.042 ms - -[0m
[0mGET /api/sale/metrics [36m304[0m 11.275 ms - -[0m
[0mGET /api/sale/metrics [36m304[0m 18.344 ms - -[0m
[0mGET /api/sale/metrics [36m304[0m 10.584 ms - -[0m
[0mGET /api/sale/metrics [36m304[0m 11.960 ms - -[0m
[0mGET /api/sale/metrics [36m304[0m 10.600 ms - -[0m
[0mGET /api/sale/metrics [36m304[0m 16.361 ms - -[0m
[0mGET /api/sale/metrics [36m304[0m 11.500 ms - -[0m
[0mGET /api/sale/metrics [36m304[0m 14.254 ms - -[0m
[0mGET /api/sale/metrics [36m304[0m 8.691 ms - -[0m
[0mGET /api/sale/metrics [36m304[0m 16.080 ms - -[0m
[0mGET /api/sale/metrics [36m304[0m 11.508 ms - -[0m
[0mGET /api/sale/metrics [36m304[0m 13.080 ms - -[0m
[0mGET /api/sale/metrics [36m304[0m 10.701 ms - -[0m
[0mGET /api/sale/metrics [36m304[0m 14.963 ms - -[0m
[0mGET /api/sale/metrics [36m304[0m 9.895 ms - -[0m
[0mGET /api/sale/metrics [36m304[0m 12.745 ms - -[0m
[0mGET /api/sale/metrics [36m304[0m 9.823 ms - -[0m
[0mGET /api/sale/metrics [36m304[0m 16.286 ms - -[0m
[0mGET /api/sale/metrics [36m304[0m 9.410 ms - -[0m
[0mGET /api/sale/metrics [36m304[0m 14.983 ms - -[0m
[0mGET /api/sale/metrics [36m304[0m 29.266 ms - -[0m
[0mGET /api/sale/metrics [36m304[0m 168.553 ms - -[0m
[0mGET /api/sale/metrics [36m304[0m 14.827 ms - -[0m
[0mGET /api/sale/metrics [36m304[0m 17.334 ms - -[0m
[0mGET /api/sale/metrics [36m304[0m 12.469 ms - -[0m
[0mPOST /api/sale/reset [32m200[0m 13.478 ms - 16[0m
[0mGET /api/sale/metrics [36m304[0m 10.358 ms - -[0m
[0mGET /api/sale/metrics [36m304[0m 10.707 ms - -[0m
[0mGET /api/sale/metrics [36m304[0m 10.643 ms - -[0m
[0mGET /api/sale/metrics [36m304[0m 24.220 ms - -[0m
[0mGET /api/sale/metrics [36m304[0m 12.593 ms - -[0m
[0mGET /api/sale/metrics [36m304[0m 18.957 ms - -[0m
[0mGET /api/sale/metrics [36m304[0m 19.216 ms - -[0m
[0mGET /api/sale/metrics [36m304[0m 15.680 ms - -[0m
[0mGET /api/sale/metrics [36m304[0m 19.677 ms - -[0m
[0mGET /api/sale/metrics [36m304[0m 10.928 ms - -[0m
[0mGET /api/sale/metrics [36m304[0m 16.842 ms - -[0m
[0mGET /api/sale/metrics [36m304[0m 9.912 ms - -[0m
[0mGET /api/sale/metrics [36m304[0m 21.055 ms - -[0m
[0mGET /api/sale/metrics [36m304[0m 10.395 ms - -[0m
[0mGET /api/sale/metrics [36m304[0m 18.847 ms - -[0m
[0mGET /api/sale/metrics [36m304[0m 8.634 ms - -[0m
[0mGET /api/sale/metrics [36m304[0m 16.275 ms - -[0m
[0mGET /api/sale/metrics [36m304[0m 10.327 ms - -[0m
[0mGET /api/sale/metrics [36m304[0m 19.596 ms - -[0m
[0mGET /api/sale/metrics [36m304[0m 10.534 ms - -[0m
[0mGET /api/sale/metrics [36m304[0m 13.178 ms - -[0m
[0mGET /api/sale/metrics [36m304[0m 8.843 ms - -[0m
[0mGET /api/sale/metrics [36m304[0m 17.603 ms - -[0m
[0mGET /api/sale/metrics [36m304[0m 11.652 ms - -[0m
[0mGET /api/sale/metrics [36m304[0m 21.132 ms - -[0m
[0mGET /api/sale/metrics [36m304[0m 11.193 ms - -[0m
[0mGET /api/sale/metrics [36m304[0m 15.057 ms - -[0m
[0mGET /api/sale/metrics [36m304[0m 10.695 ms - -[0m
[0mGET /api/sale/metrics [36m304[0m 20.283 ms - -[0m
[0mGET /api/sale/metrics [36m304[0m 12.793 ms - -[0m
[0mGET /api/sale/metrics [36m304[0m 17.758 ms - -[0m
[0mGET /api/sale/metrics [36m304[0m 10.107 ms - -[0m
[0mGET /api/sale/metrics [36m304[0m 13.532 ms - -[0m
[0mGET /api/sale/metrics [36m304[0m 16.014 ms - -[0m
[0mGET /api/sale/metrics [36m304[0m 14.496 ms - -[0m
[0mGET /api/sale/metrics [36m304[0m 10.281 ms - -[0m
[0mPOST /api/sale/reset [32m200[0m 16.505 ms - 16[0m
[0mGET /api/sale/metrics [36m304[0m 10.711 ms - -[0m
[0mGET /api/sale/metrics [36m304[0m 33.522 ms - -[0m
[0mGET /api/sale/metrics [36m304[0m 17.057 ms - -[0m
[0mGET /api/sale/metrics [36m304[0m 16.677 ms - -[0m
[0mGET /api/sale/metrics [36m304[0m 16.641 ms - -[0m
[0mGET /api/sale/metrics [36m304[0m 17.725 ms - -[0m
[0mGET /api/sale/metrics [36m304[0m 12.143 ms - -[0m
[0mGET /api/sale/metrics [36m304[0m 14.853 ms - -[0m
[0mGET /api/sale/metrics [36m304[0m 9.585 ms - -[0m
[0mGET /api/sale/metrics [36m304[0m 17.942 ms - -[0m
[0mGET /api/sale/metrics [36m304[0m 11.816 ms - -[0m
[0mGET /api/sale/metrics [36m304[0m 22.730 ms - -[0m
[0mGET /api/sale/metrics [36m304[0m 10.092 ms - -[0m
[0mGET /api/sale/metrics [36m304[0m 10.472 ms - -[0m
[0mGET /api/sale/metrics [36m304[0m 10.111 ms - -[0m
[0mGET /api/sale/metrics [36m304[0m 9.362 ms - -[0m
